This is XeTeX, Version 3.141592653-2.6-0.999996 (TeX Live 2024) (preloaded format=xelatex 2024.12.17)  18 JAN 2025 09:04
entering extended mode
 restricted \write18 enabled.
 %&-line parsing enabled.
**AUTthesis.tex
(./AUTthesis.tex
LaTeX2e <2023-11-01> patch level 1
L3 programming layer <2024-02-20>
(./main.cls

LaTeX Warning: You have requested document class `main',
               but the document class provides `ICStitle'.

Document Class: ICStitle 08/04/2012 v0.4 Persian thesis document class in XeLaT
eX for University of Amirkabir projects/theses/dissertations
(c:/texlive/2024/texmf-dist/tex/latex/base/book.cls
Document Class: book 2023/05/17 v1.4n Standard LaTeX document class
(c:/texlive/2024/texmf-dist/tex/latex/base/bk12.clo
File: bk12.clo 2023/05/17 v1.4n Standard LaTeX file (size option)
)
\c@part=\count184
\c@chapter=\count185
\c@section=\count186
\c@subsection=\count187
\c@subsubsection=\count188
\c@paragraph=\count189
\c@subparagraph=\count190
\c@figure=\count191
\c@table=\count192
\abovecaptionskip=\skip48
\belowcaptionskip=\skip49
\bibindent=\dimen140
))
(c:/texlive/2024/texmf-dist/tex/latex/tools/array.sty
Package: array 2023/10/16 v2.5g Tabular extension package (FMi)
\col@sep=\dimen141
\ar@mcellbox=\box51
\extrarowheight=\dimen142
\NC@list=\toks17
\extratabsurround=\skip50
\backup@length=\skip51
\ar@cellbox=\box52
)
(c:/texlive/2024/texmf-dist/tex/latex/pgf/frontendlayer/tikz.sty
(c:/texlive/2024/texmf-dist/tex/latex/pgf/basiclayer/pgf.sty
(c:/texlive/2024/texmf-dist/tex/latex/pgf/utilities/pgfrcs.sty
(c:/texlive/2024/texmf-dist/tex/generic/pgf/utilities/pgfutil-common.tex
\pgfutil@everybye=\toks18
\pgfutil@tempdima=\dimen143
\pgfutil@tempdimb=\dimen144
)
(c:/texlive/2024/texmf-dist/tex/generic/pgf/utilities/pgfutil-latex.def
\pgfutil@abb=\box53
)
(c:/texlive/2024/texmf-dist/tex/generic/pgf/utilities/pgfrcs.code.tex
(c:/texlive/2024/texmf-dist/tex/generic/pgf/pgf.revision.tex)
Package: pgfrcs 2023-01-15 v3.1.10 (3.1.10)
))
Package: pgf 2023-01-15 v3.1.10 (3.1.10)

(c:/texlive/2024/texmf-dist/tex/latex/pgf/basiclayer/pgfcore.sty
(c:/texlive/2024/texmf-dist/tex/latex/graphics/graphicx.sty
Package: graphicx 2021/09/16 v1.2d Enhanced LaTeX Graphics (DPC,SPQR)

(c:/texlive/2024/texmf-dist/tex/latex/graphics/keyval.sty
Package: keyval 2022/05/29 v1.15 key=value parser (DPC)
\KV@toks@=\toks19
)
(c:/texlive/2024/texmf-dist/tex/latex/graphics/graphics.sty
Package: graphics 2022/03/10 v1.4e Standard LaTeX Graphics (DPC,SPQR)

(c:/texlive/2024/texmf-dist/tex/latex/graphics/trig.sty
Package: trig 2021/08/11 v1.11 sin cos tan (DPC)
)
(c:/texlive/2024/texmf-dist/tex/latex/graphics-cfg/graphics.cfg
File: graphics.cfg 2016/06/04 v1.11 sample graphics configuration
)
Package graphics Info: Driver file: xetex.def on input line 107.

(c:/texlive/2024/texmf-dist/tex/latex/graphics-def/xetex.def
File: xetex.def 2022/09/22 v5.0n Graphics/color driver for xetex
))
\Gin@req@height=\dimen145
\Gin@req@width=\dimen146
)
(c:/texlive/2024/texmf-dist/tex/latex/pgf/systemlayer/pgfsys.sty
(c:/texlive/2024/texmf-dist/tex/generic/pgf/systemlayer/pgfsys.code.tex
Package: pgfsys 2023-01-15 v3.1.10 (3.1.10)

(c:/texlive/2024/texmf-dist/tex/generic/pgf/utilities/pgfkeys.code.tex
\pgfkeys@pathtoks=\toks20
\pgfkeys@temptoks=\toks21

(c:/texlive/2024/texmf-dist/tex/generic/pgf/utilities/pgfkeyslibraryfiltered.co
de.tex
\pgfkeys@tmptoks=\toks22
))
\pgf@x=\dimen147
\pgf@y=\dimen148
\pgf@xa=\dimen149
\pgf@ya=\dimen150
\pgf@xb=\dimen151
\pgf@yb=\dimen152
\pgf@xc=\dimen153
\pgf@yc=\dimen154
\pgf@xd=\dimen155
\pgf@yd=\dimen156
\w@pgf@writea=\write3
\r@pgf@reada=\read2
\c@pgf@counta=\count193
\c@pgf@countb=\count194
\c@pgf@countc=\count195
\c@pgf@countd=\count196
\t@pgf@toka=\toks23
\t@pgf@tokb=\toks24
\t@pgf@tokc=\toks25
\pgf@sys@id@count=\count197
 (c:/texlive/2024/texmf-dist/tex/generic/pgf/systemlayer/pgf.cfg
File: pgf.cfg 2023-01-15 v3.1.10 (3.1.10)
)
Driver file for pgf: pgfsys-xetex.def

(c:/texlive/2024/texmf-dist/tex/generic/pgf/systemlayer/pgfsys-xetex.def
File: pgfsys-xetex.def 2023-01-15 v3.1.10 (3.1.10)

(c:/texlive/2024/texmf-dist/tex/generic/pgf/systemlayer/pgfsys-dvipdfmx.def
File: pgfsys-dvipdfmx.def 2023-01-15 v3.1.10 (3.1.10)

(c:/texlive/2024/texmf-dist/tex/generic/pgf/systemlayer/pgfsys-common-pdf.def
File: pgfsys-common-pdf.def 2023-01-15 v3.1.10 (3.1.10)
)
\pgfsys@objnum=\count198
)))
(c:/texlive/2024/texmf-dist/tex/generic/pgf/systemlayer/pgfsyssoftpath.code.tex
File: pgfsyssoftpath.code.tex 2023-01-15 v3.1.10 (3.1.10)
\pgfsyssoftpath@smallbuffer@items=\count199
\pgfsyssoftpath@bigbuffer@items=\count266
)
(c:/texlive/2024/texmf-dist/tex/generic/pgf/systemlayer/pgfsysprotocol.code.tex
File: pgfsysprotocol.code.tex 2023-01-15 v3.1.10 (3.1.10)
)) (c:/texlive/2024/texmf-dist/tex/latex/xcolor/xcolor.sty
Package: xcolor 2023/11/15 v3.01 LaTeX color extensions (UK)

(c:/texlive/2024/texmf-dist/tex/latex/graphics-cfg/color.cfg
File: color.cfg 2016/01/02 v1.6 sample color configuration
)
Package xcolor Info: Driver file: xetex.def on input line 274.

(c:/texlive/2024/texmf-dist/tex/latex/graphics/mathcolor.ltx)
Package xcolor Info: Model `cmy' substituted by `cmy0' on input line 1350.
Package xcolor Info: Model `RGB' extended on input line 1366.
Package xcolor Info: Model `HTML' substituted by `rgb' on input line 1368.
Package xcolor Info: Model `Hsb' substituted by `hsb' on input line 1369.
Package xcolor Info: Model `tHsb' substituted by `hsb' on input line 1370.
Package xcolor Info: Model `HSB' substituted by `hsb' on input line 1371.
Package xcolor Info: Model `Gray' substituted by `gray' on input line 1372.
Package xcolor Info: Model `wave' substituted by `hsb' on input line 1373.
)
(c:/texlive/2024/texmf-dist/tex/generic/pgf/basiclayer/pgfcore.code.tex
Package: pgfcore 2023-01-15 v3.1.10 (3.1.10)

(c:/texlive/2024/texmf-dist/tex/generic/pgf/math/pgfmath.code.tex
(c:/texlive/2024/texmf-dist/tex/generic/pgf/math/pgfmathutil.code.tex)
(c:/texlive/2024/texmf-dist/tex/generic/pgf/math/pgfmathparser.code.tex
\pgfmath@dimen=\dimen157
\pgfmath@count=\count267
\pgfmath@box=\box54
\pgfmath@toks=\toks26
\pgfmath@stack@operand=\toks27
\pgfmath@stack@operation=\toks28
)
(c:/texlive/2024/texmf-dist/tex/generic/pgf/math/pgfmathfunctions.code.tex)
(c:/texlive/2024/texmf-dist/tex/generic/pgf/math/pgfmathfunctions.basic.code.te
x)
(c:/texlive/2024/texmf-dist/tex/generic/pgf/math/pgfmathfunctions.trigonometric
.code.tex)
(c:/texlive/2024/texmf-dist/tex/generic/pgf/math/pgfmathfunctions.random.code.t
ex)
(c:/texlive/2024/texmf-dist/tex/generic/pgf/math/pgfmathfunctions.comparison.co
de.tex)
(c:/texlive/2024/texmf-dist/tex/generic/pgf/math/pgfmathfunctions.base.code.tex
)
(c:/texlive/2024/texmf-dist/tex/generic/pgf/math/pgfmathfunctions.round.code.te
x)
(c:/texlive/2024/texmf-dist/tex/generic/pgf/math/pgfmathfunctions.misc.code.tex
)
(c:/texlive/2024/texmf-dist/tex/generic/pgf/math/pgfmathfunctions.integerarithm
etics.code.tex)
(c:/texlive/2024/texmf-dist/tex/generic/pgf/math/pgfmathcalc.code.tex)
(c:/texlive/2024/texmf-dist/tex/generic/pgf/math/pgfmathfloat.code.tex
\c@pgfmathroundto@lastzeros=\count268
))
(c:/texlive/2024/texmf-dist/tex/generic/pgf/math/pgfint.code.tex)
(c:/texlive/2024/texmf-dist/tex/generic/pgf/basiclayer/pgfcorepoints.code.tex
File: pgfcorepoints.code.tex 2023-01-15 v3.1.10 (3.1.10)
\pgf@picminx=\dimen158
\pgf@picmaxx=\dimen159
\pgf@picminy=\dimen160
\pgf@picmaxy=\dimen161
\pgf@pathminx=\dimen162
\pgf@pathmaxx=\dimen163
\pgf@pathminy=\dimen164
\pgf@pathmaxy=\dimen165
\pgf@xx=\dimen166
\pgf@xy=\dimen167
\pgf@yx=\dimen168
\pgf@yy=\dimen169
\pgf@zx=\dimen170
\pgf@zy=\dimen171
)
(c:/texlive/2024/texmf-dist/tex/generic/pgf/basiclayer/pgfcorepathconstruct.cod
e.tex
File: pgfcorepathconstruct.code.tex 2023-01-15 v3.1.10 (3.1.10)
\pgf@path@lastx=\dimen172
\pgf@path@lasty=\dimen173
)
(c:/texlive/2024/texmf-dist/tex/generic/pgf/basiclayer/pgfcorepathusage.code.te
x
File: pgfcorepathusage.code.tex 2023-01-15 v3.1.10 (3.1.10)
\pgf@shorten@end@additional=\dimen174
\pgf@shorten@start@additional=\dimen175
)
(c:/texlive/2024/texmf-dist/tex/generic/pgf/basiclayer/pgfcorescopes.code.tex
File: pgfcorescopes.code.tex 2023-01-15 v3.1.10 (3.1.10)
\pgfpic=\box55
\pgf@hbox=\box56
\pgf@layerbox@main=\box57
\pgf@picture@serial@count=\count269
)
(c:/texlive/2024/texmf-dist/tex/generic/pgf/basiclayer/pgfcoregraphicstate.code
.tex
File: pgfcoregraphicstate.code.tex 2023-01-15 v3.1.10 (3.1.10)
\pgflinewidth=\dimen176
)
(c:/texlive/2024/texmf-dist/tex/generic/pgf/basiclayer/pgfcoretransformations.c
ode.tex
File: pgfcoretransformations.code.tex 2023-01-15 v3.1.10 (3.1.10)
\pgf@pt@x=\dimen177
\pgf@pt@y=\dimen178
\pgf@pt@temp=\dimen179
)
(c:/texlive/2024/texmf-dist/tex/generic/pgf/basiclayer/pgfcorequick.code.tex
File: pgfcorequick.code.tex 2023-01-15 v3.1.10 (3.1.10)
)
(c:/texlive/2024/texmf-dist/tex/generic/pgf/basiclayer/pgfcoreobjects.code.tex
File: pgfcoreobjects.code.tex 2023-01-15 v3.1.10 (3.1.10)
)
(c:/texlive/2024/texmf-dist/tex/generic/pgf/basiclayer/pgfcorepathprocessing.co
de.tex
File: pgfcorepathprocessing.code.tex 2023-01-15 v3.1.10 (3.1.10)
)
(c:/texlive/2024/texmf-dist/tex/generic/pgf/basiclayer/pgfcorearrows.code.tex
File: pgfcorearrows.code.tex 2023-01-15 v3.1.10 (3.1.10)
\pgfarrowsep=\dimen180
)
(c:/texlive/2024/texmf-dist/tex/generic/pgf/basiclayer/pgfcoreshade.code.tex
File: pgfcoreshade.code.tex 2023-01-15 v3.1.10 (3.1.10)
\pgf@max=\dimen181
\pgf@sys@shading@range@num=\count270
\pgf@shadingcount=\count271
)
(c:/texlive/2024/texmf-dist/tex/generic/pgf/basiclayer/pgfcoreimage.code.tex
File: pgfcoreimage.code.tex 2023-01-15 v3.1.10 (3.1.10)
)
(c:/texlive/2024/texmf-dist/tex/generic/pgf/basiclayer/pgfcoreexternal.code.tex
File: pgfcoreexternal.code.tex 2023-01-15 v3.1.10 (3.1.10)
\pgfexternal@startupbox=\box58
) (c:/texlive/2024/texmf-dist/tex/generic/pgf/basiclayer/pgfcorelayers.code.tex
File: pgfcorelayers.code.tex 2023-01-15 v3.1.10 (3.1.10)
)
(c:/texlive/2024/texmf-dist/tex/generic/pgf/basiclayer/pgfcoretransparency.code
.tex
File: pgfcoretransparency.code.tex 2023-01-15 v3.1.10 (3.1.10)
)
(c:/texlive/2024/texmf-dist/tex/generic/pgf/basiclayer/pgfcorepatterns.code.tex
File: pgfcorepatterns.code.tex 2023-01-15 v3.1.10 (3.1.10)
) (c:/texlive/2024/texmf-dist/tex/generic/pgf/basiclayer/pgfcorerdf.code.tex
File: pgfcorerdf.code.tex 2023-01-15 v3.1.10 (3.1.10)
))) (c:/texlive/2024/texmf-dist/tex/generic/pgf/modules/pgfmoduleshapes.code.te
x
File: pgfmoduleshapes.code.tex 2023-01-15 v3.1.10 (3.1.10)
\pgfnodeparttextbox=\box59
)
(c:/texlive/2024/texmf-dist/tex/generic/pgf/modules/pgfmoduleplot.code.tex
File: pgfmoduleplot.code.tex 2023-01-15 v3.1.10 (3.1.10)
)
(c:/texlive/2024/texmf-dist/tex/latex/pgf/compatibility/pgfcomp-version-0-65.st
y
Package: pgfcomp-version-0-65 2023-01-15 v3.1.10 (3.1.10)
\pgf@nodesepstart=\dimen182
\pgf@nodesepend=\dimen183
)
(c:/texlive/2024/texmf-dist/tex/latex/pgf/compatibility/pgfcomp-version-1-18.st
y
Package: pgfcomp-version-1-18 2023-01-15 v3.1.10 (3.1.10)
)) (c:/texlive/2024/texmf-dist/tex/latex/pgf/utilities/pgffor.sty
(c:/texlive/2024/texmf-dist/tex/latex/pgf/utilities/pgfkeys.sty
(c:/texlive/2024/texmf-dist/tex/generic/pgf/utilities/pgfkeys.code.tex))
(c:/texlive/2024/texmf-dist/tex/latex/pgf/math/pgfmath.sty
(c:/texlive/2024/texmf-dist/tex/generic/pgf/math/pgfmath.code.tex))
(c:/texlive/2024/texmf-dist/tex/generic/pgf/utilities/pgffor.code.tex
Package: pgffor 2023-01-15 v3.1.10 (3.1.10)
\pgffor@iter=\dimen184
\pgffor@skip=\dimen185
\pgffor@stack=\toks29
\pgffor@toks=\toks30
))
(c:/texlive/2024/texmf-dist/tex/generic/pgf/frontendlayer/tikz/tikz.code.tex
Package: tikz 2023-01-15 v3.1.10 (3.1.10)

(c:/texlive/2024/texmf-dist/tex/generic/pgf/libraries/pgflibraryplothandlers.co
de.tex
File: pgflibraryplothandlers.code.tex 2023-01-15 v3.1.10 (3.1.10)
\pgf@plot@mark@count=\count272
\pgfplotmarksize=\dimen186
)
\tikz@lastx=\dimen187
\tikz@lasty=\dimen188
\tikz@lastxsaved=\dimen189
\tikz@lastysaved=\dimen190
\tikz@lastmovetox=\dimen191
\tikz@lastmovetoy=\dimen192
\tikzleveldistance=\dimen193
\tikzsiblingdistance=\dimen194
\tikz@figbox=\box60
\tikz@figbox@bg=\box61
\tikz@tempbox=\box62
\tikz@tempbox@bg=\box63
\tikztreelevel=\count273
\tikznumberofchildren=\count274
\tikznumberofcurrentchild=\count275
\tikz@fig@count=\count276

(c:/texlive/2024/texmf-dist/tex/generic/pgf/modules/pgfmodulematrix.code.tex
File: pgfmodulematrix.code.tex 2023-01-15 v3.1.10 (3.1.10)
\pgfmatrixcurrentrow=\count277
\pgfmatrixcurrentcolumn=\count278
\pgf@matrix@numberofcolumns=\count279
)
\tikz@expandcount=\count280

(c:/texlive/2024/texmf-dist/tex/generic/pgf/frontendlayer/tikz/libraries/tikzli
brarytopaths.code.tex
File: tikzlibrarytopaths.code.tex 2023-01-15 v3.1.10 (3.1.10)
)))
(c:/texlive/2024/texmf-dist/tex/generic/pgf/frontendlayer/tikz/libraries/tikzli
braryshapes.code.tex
File: tikzlibraryshapes.code.tex 2023-01-15 v3.1.10 (3.1.10)

(c:/texlive/2024/texmf-dist/tex/generic/pgf/frontendlayer/tikz/libraries/tikzli
braryshapes.geometric.code.tex
File: tikzlibraryshapes.geometric.code.tex 2023-01-15 v3.1.10 (3.1.10)

(c:/texlive/2024/texmf-dist/tex/generic/pgf/libraries/shapes/pgflibraryshapes.g
eometric.code.tex
File: pgflibraryshapes.geometric.code.tex 2023-01-15 v3.1.10 (3.1.10)
))
(c:/texlive/2024/texmf-dist/tex/generic/pgf/frontendlayer/tikz/libraries/tikzli
braryshapes.misc.code.tex
File: tikzlibraryshapes.misc.code.tex 2023-01-15 v3.1.10 (3.1.10)

(c:/texlive/2024/texmf-dist/tex/generic/pgf/libraries/shapes/pgflibraryshapes.m
isc.code.tex
File: pgflibraryshapes.misc.code.tex 2023-01-15 v3.1.10 (3.1.10)
))
(c:/texlive/2024/texmf-dist/tex/generic/pgf/frontendlayer/tikz/libraries/tikzli
braryshapes.symbols.code.tex
File: tikzlibraryshapes.symbols.code.tex 2023-01-15 v3.1.10 (3.1.10)

(c:/texlive/2024/texmf-dist/tex/generic/pgf/libraries/shapes/pgflibraryshapes.s
ymbols.code.tex
File: pgflibraryshapes.symbols.code.tex 2023-01-15 v3.1.10 (3.1.10)
))
(c:/texlive/2024/texmf-dist/tex/generic/pgf/frontendlayer/tikz/libraries/tikzli
braryshapes.arrows.code.tex
File: tikzlibraryshapes.arrows.code.tex 2023-01-15 v3.1.10 (3.1.10)

(c:/texlive/2024/texmf-dist/tex/generic/pgf/libraries/shapes/pgflibraryshapes.a
rrows.code.tex
File: pgflibraryshapes.arrows.code.tex 2023-01-15 v3.1.10 (3.1.10)
))
(c:/texlive/2024/texmf-dist/tex/generic/pgf/frontendlayer/tikz/libraries/tikzli
braryshapes.callouts.code.tex
(c:/texlive/2024/texmf-dist/tex/generic/pgf/libraries/shapes/pgflibraryshapes.c
allouts.code.tex))
(c:/texlive/2024/texmf-dist/tex/generic/pgf/frontendlayer/tikz/libraries/tikzli
braryshapes.multipart.code.tex
File: tikzlibraryshapes.multipart.code.tex 2023-01-15 v3.1.10 (3.1.10)

(c:/texlive/2024/texmf-dist/tex/generic/pgf/libraries/shapes/pgflibraryshapes.m
ultipart.code.tex
File: pgflibraryshapes.multipart.code.tex 2023-01-15 v3.1.10 (3.1.10)
\pgfnodepartlowerbox=\box64
\pgfnodeparttwobox=\box65
\pgfnodepartthreebox=\box66
\pgfnodepartfourbox=\box67
\pgfnodeparttwentybox=\box68
\pgfnodepartnineteenbox=\box69
\pgfnodeparteighteenbox=\box70
\pgfnodepartseventeenbox=\box71
\pgfnodepartsixteenbox=\box72
\pgfnodepartfifteenbox=\box73
\pgfnodepartfourteenbox=\box74
\pgfnodepartthirteenbox=\box75
\pgfnodeparttwelvebox=\box76
\pgfnodepartelevenbox=\box77
\pgfnodeparttenbox=\box78
\pgfnodepartninebox=\box79
\pgfnodeparteightbox=\box80
\pgfnodepartsevenbox=\box81
\pgfnodepartsixbox=\box82
\pgfnodepartfivebox=\box83
)))
(c:/texlive/2024/texmf-dist/tex/generic/pgf/frontendlayer/tikz/libraries/tikzli
braryarrows.code.tex
File: tikzlibraryarrows.code.tex 2023-01-15 v3.1.10 (3.1.10)

(c:/texlive/2024/texmf-dist/tex/generic/pgf/libraries/pgflibraryarrows.code.tex
File: pgflibraryarrows.code.tex 2023-01-15 v3.1.10 (3.1.10)
\arrowsize=\dimen195
))
(c:/texlive/2024/texmf-dist/tex/generic/pgf/frontendlayer/tikz/libraries/tikzli
brarytrees.code.tex
File: tikzlibrarytrees.code.tex 2023-01-15 v3.1.10 (3.1.10)
)
(c:/texlive/2024/texmf-dist/tex/generic/pgf/frontendlayer/tikz/libraries/tikzli
brarycalc.code.tex
File: tikzlibrarycalc.code.tex 2023-01-15 v3.1.10 (3.1.10)
) (./commands.tex
(c:/texlive/2024/texmf-dist/tex/latex/amscls/amsthm.sty
Package: amsthm 2020/05/29 v2.20.6
\thm@style=\toks31
\thm@bodyfont=\toks32
\thm@headfont=\toks33
\thm@notefont=\toks34
\thm@headpunct=\toks35
\thm@preskip=\skip52
\thm@postskip=\skip53
\thm@headsep=\skip54
\dth@everypar=\toks36
)
(c:/texlive/2024/texmf-dist/tex/latex/amsfonts/amssymb.sty
Package: amssymb 2013/01/14 v3.01 AMS font symbols

(c:/texlive/2024/texmf-dist/tex/latex/amsfonts/amsfonts.sty
Package: amsfonts 2013/01/14 v3.01 Basic AMSFonts support
\@emptytoks=\toks37
\symAMSa=\mathgroup4
\symAMSb=\mathgroup5
LaTeX Font Info:    Redeclaring math symbol \hbar on input line 98.
LaTeX Font Info:    Overwriting math alphabet `\mathfrak' in version `bold'
(Font)                  U/euf/m/n --> U/euf/b/n on input line 106.
))
(c:/texlive/2024/texmf-dist/tex/latex/amsmath/amsmath.sty
Package: amsmath 2023/05/13 v2.17o AMS math features
\@mathmargin=\skip55

For additional information on amsmath, use the `?' option.
(c:/texlive/2024/texmf-dist/tex/latex/amsmath/amstext.sty
Package: amstext 2021/08/26 v2.01 AMS text

(c:/texlive/2024/texmf-dist/tex/latex/amsmath/amsgen.sty
File: amsgen.sty 1999/11/30 v2.0 generic functions
\@emptytoks=\toks38
\ex@=\dimen196
))
(c:/texlive/2024/texmf-dist/tex/latex/amsmath/amsbsy.sty
Package: amsbsy 1999/11/29 v1.2d Bold Symbols
\pmbraise@=\dimen197
)
(c:/texlive/2024/texmf-dist/tex/latex/amsmath/amsopn.sty
Package: amsopn 2022/04/08 v2.04 operator names
)
\inf@bad=\count281
LaTeX Info: Redefining \frac on input line 234.
\uproot@=\count282
\leftroot@=\count283
LaTeX Info: Redefining \overline on input line 399.
LaTeX Info: Redefining \colon on input line 410.
\classnum@=\count284
\DOTSCASE@=\count285
LaTeX Info: Redefining \ldots on input line 496.
LaTeX Info: Redefining \dots on input line 499.
LaTeX Info: Redefining \cdots on input line 620.
\Mathstrutbox@=\box84
\strutbox@=\box85
LaTeX Info: Redefining \big on input line 722.
LaTeX Info: Redefining \Big on input line 723.
LaTeX Info: Redefining \bigg on input line 724.
LaTeX Info: Redefining \Bigg on input line 725.
\big@size=\dimen198
LaTeX Font Info:    Redeclaring font encoding OML on input line 743.
LaTeX Font Info:    Redeclaring font encoding OMS on input line 744.
\macc@depth=\count286
LaTeX Info: Redefining \bmod on input line 905.
LaTeX Info: Redefining \pmod on input line 910.
LaTeX Info: Redefining \smash on input line 940.
LaTeX Info: Redefining \relbar on input line 970.
LaTeX Info: Redefining \Relbar on input line 971.
\c@MaxMatrixCols=\count287
\dotsspace@=\muskip16
\c@parentequation=\count288
\dspbrk@lvl=\count289
\tag@help=\toks39
\row@=\count290
\column@=\count291
\maxfields@=\count292
\andhelp@=\toks40
\eqnshift@=\dimen199
\alignsep@=\dimen256
\tagshift@=\dimen257
\tagwidth@=\dimen258
\totwidth@=\dimen259
\lineht@=\dimen260
\@envbody=\toks41
\multlinegap=\skip56
\multlinetaggap=\skip57
\mathdisplay@stack=\toks42
LaTeX Info: Redefining \[ on input line 2953.
LaTeX Info: Redefining \] on input line 2954.
)
(c:/texlive/2024/texmf-dist/tex/latex/geometry/geometry.sty
Package: geometry 2020/01/02 v5.9 Page Geometry

(c:/texlive/2024/texmf-dist/tex/generic/iftex/ifvtex.sty
Package: ifvtex 2019/10/25 v1.7 ifvtex legacy package. Use iftex instead.

(c:/texlive/2024/texmf-dist/tex/generic/iftex/iftex.sty
Package: iftex 2022/02/03 v1.0f TeX engine tests
))
\Gm@cnth=\count293
\Gm@cntv=\count294
\c@Gm@tempcnt=\count295
\Gm@bindingoffset=\dimen261
\Gm@wd@mp=\dimen262
\Gm@odd@mp=\dimen263
\Gm@even@mp=\dimen264
\Gm@layoutwidth=\dimen265
\Gm@layoutheight=\dimen266
\Gm@layouthoffset=\dimen267
\Gm@layoutvoffset=\dimen268
\Gm@dimlist=\toks43
)
(c:/texlive/2024/texmf-dist/tex/latex/setspace/setspace.sty
Package: setspace 2022/12/04 v6.7b set line spacing
)
(c:/texlive/2024/texmf-dist/tex/latex/titlesec/titletoc.sty
Package: titletoc 2023/10/27 v2.16 TOC entries
\ttl@leftsep=\dimen269
)
(c:/texlive/2024/texmf-dist/tex/latex/tocloft/tocloft.sty
Package: tocloft 2017/08/31 v2.3i parameterised ToC, etc., typesetting
Package tocloft Info: The document has chapter divisions on input line 51.
\cftparskip=\skip58
\cftbeforetoctitleskip=\skip59
\cftaftertoctitleskip=\skip60
\cftbeforepartskip=\skip61
\cftpartnumwidth=\skip62
\cftpartindent=\skip63
\cftbeforechapskip=\skip64
\cftchapindent=\skip65
\cftchapnumwidth=\skip66
\cftbeforesecskip=\skip67
\cftsecindent=\skip68
\cftsecnumwidth=\skip69
\cftbeforesubsecskip=\skip70
\cftsubsecindent=\skip71
\cftsubsecnumwidth=\skip72
\cftbeforesubsubsecskip=\skip73
\cftsubsubsecindent=\skip74
\cftsubsubsecnumwidth=\skip75
\cftbeforeparaskip=\skip76
\cftparaindent=\skip77
\cftparanumwidth=\skip78
\cftbeforesubparaskip=\skip79
\cftsubparaindent=\skip80
\cftsubparanumwidth=\skip81
\cftbeforeloftitleskip=\skip82
\cftafterloftitleskip=\skip83
\cftbeforefigskip=\skip84
\cftfigindent=\skip85
\cftfignumwidth=\skip86
\c@lofdepth=\count296
\c@lotdepth=\count297
\cftbeforelottitleskip=\skip87
\cftafterlottitleskip=\skip88
\cftbeforetabskip=\skip89
\cfttabindent=\skip90
\cfttabnumwidth=\skip91
)
(c:/texlive/2024/texmf-dist/tex/latex/enumitem/enumitem.sty
Package: enumitem 2019/06/20 v3.9 Customized lists
\labelindent=\skip92
\enit@outerparindent=\dimen270
\enit@toks=\toks44
\enit@inbox=\box86
\enit@count@id=\count298
\enitdp@description=\count299
)
(c:/texlive/2024/texmf-dist/tex/latex/hyperref/hyperref.sty
Package: hyperref 2024-01-20 v7.01h Hypertext links for LaTeX

(c:/texlive/2024/texmf-dist/tex/latex/kvsetkeys/kvsetkeys.sty
Package: kvsetkeys 2022-10-05 v1.19 Key value parser (HO)
)
(c:/texlive/2024/texmf-dist/tex/generic/kvdefinekeys/kvdefinekeys.sty
Package: kvdefinekeys 2019-12-19 v1.6 Define keys (HO)
)
(c:/texlive/2024/texmf-dist/tex/generic/pdfescape/pdfescape.sty
Package: pdfescape 2019/12/09 v1.15 Implements pdfTeX's escape features (HO)

(c:/texlive/2024/texmf-dist/tex/generic/ltxcmds/ltxcmds.sty
Package: ltxcmds 2023-12-04 v1.26 LaTeX kernel commands for general use (HO)
)
(c:/texlive/2024/texmf-dist/tex/generic/pdftexcmds/pdftexcmds.sty
Package: pdftexcmds 2020-06-27 v0.33 Utility functions of pdfTeX for LuaTeX (HO
)

(c:/texlive/2024/texmf-dist/tex/generic/infwarerr/infwarerr.sty
Package: infwarerr 2019/12/03 v1.5 Providing info/warning/error messages (HO)
)
Package pdftexcmds Info: \pdf@primitive is available.
Package pdftexcmds Info: \pdf@ifprimitive is available.
Package pdftexcmds Info: \pdfdraftmode not found.
))
(c:/texlive/2024/texmf-dist/tex/latex/hycolor/hycolor.sty
Package: hycolor 2020-01-27 v1.10 Color options for hyperref/bookmark (HO)
)
(c:/texlive/2024/texmf-dist/tex/latex/auxhook/auxhook.sty
Package: auxhook 2019-12-17 v1.6 Hooks for auxiliary files (HO)
)
(c:/texlive/2024/texmf-dist/tex/latex/hyperref/nameref.sty
Package: nameref 2023-11-26 v2.56 Cross-referencing by name of section

(c:/texlive/2024/texmf-dist/tex/latex/refcount/refcount.sty
Package: refcount 2019/12/15 v3.6 Data extraction from label references (HO)
)
(c:/texlive/2024/texmf-dist/tex/generic/gettitlestring/gettitlestring.sty
Package: gettitlestring 2019/12/15 v1.6 Cleanup title references (HO)

(c:/texlive/2024/texmf-dist/tex/latex/kvoptions/kvoptions.sty
Package: kvoptions 2022-06-15 v3.15 Key value format for package options (HO)
))
\c@section@level=\count300
)
(c:/texlive/2024/texmf-dist/tex/latex/etoolbox/etoolbox.sty
Package: etoolbox 2020/10/05 v2.5k e-TeX tools for LaTeX (JAW)
\etb@tempcnta=\count301
)
\@linkdim=\dimen271
\Hy@linkcounter=\count302
\Hy@pagecounter=\count303

(c:/texlive/2024/texmf-dist/tex/latex/hyperref/pd1enc.def
File: pd1enc.def 2024-01-20 v7.01h Hyperref: PDFDocEncoding definition (HO)
)
(c:/texlive/2024/texmf-dist/tex/generic/intcalc/intcalc.sty
Package: intcalc 2019/12/15 v1.3 Expandable calculations with integers (HO)
)
\Hy@SavedSpaceFactor=\count304

(c:/texlive/2024/texmf-dist/tex/latex/hyperref/puenc.def
File: puenc.def 2024-01-20 v7.01h Hyperref: PDF Unicode definition (HO)
)
Package hyperref Info: Option `colorlinks' set `true' on input line 4062.
Package hyperref Info: Hyper figures OFF on input line 4179.
Package hyperref Info: Link nesting OFF on input line 4184.
Package hyperref Info: Hyper index ON on input line 4187.
Package hyperref Info: Plain pages OFF on input line 4194.
Package hyperref Info: Backreferencing OFF on input line 4199.
Package hyperref Info: Implicit mode ON; LaTeX internals redefined.
Package hyperref Info: Bookmarks ON on input line 4446.
\c@Hy@tempcnt=\count305

(c:/texlive/2024/texmf-dist/tex/latex/url/url.sty
\Urlmuskip=\muskip17
Package: url 2013/09/16  ver 3.4  Verb mode for urls, etc.
)
LaTeX Info: Redefining \url on input line 4784.
\XeTeXLinkMargin=\dimen272

(c:/texlive/2024/texmf-dist/tex/generic/bitset/bitset.sty
Package: bitset 2019/12/09 v1.3 Handle bit-vector datatype (HO)

(c:/texlive/2024/texmf-dist/tex/generic/bigintcalc/bigintcalc.sty
Package: bigintcalc 2019/12/15 v1.5 Expandable calculations on big integers (HO
)
))
\Fld@menulength=\count306
\Field@Width=\dimen273
\Fld@charsize=\dimen274
Package hyperref Info: Hyper figures OFF on input line 6063.
Package hyperref Info: Link nesting OFF on input line 6068.
Package hyperref Info: Hyper index ON on input line 6071.
Package hyperref Info: backreferencing OFF on input line 6078.
Package hyperref Info: Link coloring ON on input line 6081.
Package hyperref Info: Link coloring with OCG OFF on input line 6088.
Package hyperref Info: PDF/A mode OFF on input line 6093.

(c:/texlive/2024/texmf-dist/tex/latex/base/atbegshi-ltx.sty
Package: atbegshi-ltx 2021/01/10 v1.0c Emulation of the original atbegshi
package with kernel methods
)
\Hy@abspage=\count307
\c@Item=\count308
\c@Hfootnote=\count309
)
Package hyperref Info: Driver (autodetected): hxetex.

(c:/texlive/2024/texmf-dist/tex/latex/hyperref/hxetex.def
File: hxetex.def 2024-01-20 v7.01h Hyperref driver for XeTeX

(c:/texlive/2024/texmf-dist/tex/generic/stringenc/stringenc.sty
Package: stringenc 2019/11/29 v1.12 Convert strings between diff. encodings (HO
)
)
\pdfm@box=\box87
\c@Hy@AnnotLevel=\count310
\HyField@AnnotCount=\count311
\Fld@listcount=\count312
\c@bookmark@seq@number=\count313

(c:/texlive/2024/texmf-dist/tex/latex/rerunfilecheck/rerunfilecheck.sty
Package: rerunfilecheck 2022-07-10 v1.10 Rerun checks for auxiliary files (HO)

(c:/texlive/2024/texmf-dist/tex/latex/base/atveryend-ltx.sty
Package: atveryend-ltx 2020/08/19 v1.0a Emulation of the original atveryend pac
kage
with kernel methods
)
(c:/texlive/2024/texmf-dist/tex/generic/uniquecounter/uniquecounter.sty
Package: uniquecounter 2019/12/15 v1.4 Provide unlimited unique counter (HO)
)
Package uniquecounter Info: New unique counter `rerunfilecheck' on input line 2
85.
)
\Hy@SectionHShift=\skip93
)
(c:/texlive/2024/texmf-dist/tex/latex/cleveref/cleveref.sty
Package: cleveref 2018/03/27 v0.21.4 Intelligent cross-referencing
Package cleveref Info: `hyperref' support loaded on input line 2370.
LaTeX Info: Redefining \cref on input line 2370.
LaTeX Info: Redefining \Cref on input line 2370.
LaTeX Info: Redefining \crefrange on input line 2370.
LaTeX Info: Redefining \Crefrange on input line 2370.
LaTeX Info: Redefining \cpageref on input line 2370.
LaTeX Info: Redefining \Cpageref on input line 2370.
LaTeX Info: Redefining \cpagerefrange on input line 2370.
LaTeX Info: Redefining \Cpagerefrange on input line 2370.
LaTeX Info: Redefining \labelcref on input line 2370.
LaTeX Info: Redefining \labelcpageref on input line 2370.
Package cleveref Info: `amsthm' support loaded on input line 3026.
Package cleveref Info: include cross-reference names in hyperlinks on input lin
e 7836.
Package cleveref Info: include cross-reference names in hyperlinks on input lin
e 7852.
)
(c:/texlive/2024/texmf-dist/tex/latex/fancyhdr/fancyhdr.sty
Package: fancyhdr 2022/11/09 v4.1 Extensive control of page headers and footers

\f@nch@headwidth=\skip94
\f@nch@O@elh=\skip95
\f@nch@O@erh=\skip96
\f@nch@O@olh=\skip97
\f@nch@O@orh=\skip98
\f@nch@O@elf=\skip99
\f@nch@O@erf=\skip100
\f@nch@O@olf=\skip101
\f@nch@O@orf=\skip102
)
(c:/texlive/2024/texmf-dist/tex/latex/tocbibind/tocbibind.sty
Package: tocbibind 2010/10/13 v1.5k extra ToC listings
Package tocbibind Info: The document has chapter divisions on input line 50.


Package tocbibind Note: Using chapter style headings, unless overridden.

) (c:/texlive/2024/texmf-dist/tex/latex/base/makeidx.sty
Package: makeidx 2021/10/04 v1.0m Standard LaTeX package
)
(c:/texlive/2024/texmf-dist/tex/latex/tools/multicol.sty
Package: multicol 2023/03/30 v1.9f multicolumn formatting (FMi)
\c@tracingmulticols=\count314
\mult@box=\box88
\multicol@leftmargin=\dimen275
\c@unbalance=\count315
\c@collectmore=\count316
\doublecol@number=\count317
\multicoltolerance=\count318
\multicolpretolerance=\count319
\full@width=\dimen276
\page@free=\dimen277
\premulticols=\dimen278
\postmulticols=\dimen279
\multicolsep=\skip103
\multicolbaselineskip=\skip104
\partial@page=\box89
\last@line=\box90
\mc@boxedresult=\box91
\maxbalancingoverflow=\dimen280
\mult@rightbox=\box92
\mult@grightbox=\box93
\mult@firstbox=\box94
\mult@gfirstbox=\box95
\@tempa=\box96
\@tempa=\box97
\@tempa=\box98
\@tempa=\box99
\@tempa=\box100
\@tempa=\box101
\@tempa=\box102
\@tempa=\box103
\@tempa=\box104
\@tempa=\box105
\@tempa=\box106
\@tempa=\box107
\@tempa=\box108
\@tempa=\box109
\@tempa=\box110
\@tempa=\box111
\@tempa=\box112
\@tempa=\box113
\@tempa=\box114
\@tempa=\box115
\@tempa=\box116
\@tempa=\box117
\@tempa=\box118
\@tempa=\box119
\@tempa=\box120
\@tempa=\box121
\@tempa=\box122
\@tempa=\box123
\@tempa=\box124
\@tempa=\box125
\@tempa=\box126
\@tempa=\box127
\@tempa=\box128
\@tempa=\box129
\@tempa=\box130
\@tempa=\box131
\c@minrows=\count320
\c@columnbadness=\count321
\c@finalcolumnbadness=\count322
\last@try=\dimen281
\multicolovershoot=\dimen282
\multicolundershoot=\dimen283
\mult@nat@firstbox=\box132
\colbreak@box=\box133
\mc@col@check@num=\count323
)
(c:/texlive/2024/texmf-dist/tex/latex/tools/verbatim.sty
Package: verbatim 2023-11-06 v1.5v LaTeX2e package for verbatim enhancements
\every@verbatim=\toks45
\verbatim@line=\toks46
\verbatim@in@stream=\read3
)
\@indexfile=\write4
\openout4 = `AUTthesis.idx'.


Writing index file AUTthesis.idx
(c:/texlive/2024/texmf-dist/tex/latex/sectsty/sectsty.sty
Package: sectsty 2002/02/25 v2.0.2 Commands to change all sectional heading sty
les


LaTeX Warning: Command \underbar  has changed.
               Check if current package is valid.


LaTeX Warning: Command \underline  has changed.
               Check if current package is valid.

) (c:/texlive/2024/texmf-dist/tex/xelatex/xepersian/xepersian.sty
Package: xepersian 2023/08/30 v25.0 (Release Women, Life, and Freedom) Persian 
typesetting in XeLaTeX

(c:/texlive/2024/texmf-dist/tex/latex/fontspec/fontspec.sty
(c:/texlive/2024/texmf-dist/tex/latex/l3packages/xparse/xparse.sty
(c:/texlive/2024/texmf-dist/tex/latex/l3kernel/expl3.sty
Package: expl3 2024-02-20 L3 programming layer (loader) 

(c:/texlive/2024/texmf-dist/tex/latex/l3backend/l3backend-xetex.def
File: l3backend-xetex.def 2024-02-20 L3 backend support: XeTeX
\g__graphics_track_int=\count324
\l__pdf_internal_box=\box134
\g__pdf_backend_object_int=\count325
\g__pdf_backend_annotation_int=\count326
\g__pdf_backend_link_int=\count327
))
Package: xparse 2024-02-18 L3 Experimental document command parser
)
Package: fontspec 2024/02/13 v2.9a Font selection for XeLaTeX and LuaLaTeX

(c:/texlive/2024/texmf-dist/tex/latex/fontspec/fontspec-xetex.sty
Package: fontspec-xetex 2024/02/13 v2.9a Font selection for XeLaTeX and LuaLaTe
X
\l__fontspec_script_int=\count328
\l__fontspec_language_int=\count329
\l__fontspec_strnum_int=\count330
\l__fontspec_tmp_int=\count331
\l__fontspec_tmpa_int=\count332
\l__fontspec_tmpb_int=\count333
\l__fontspec_tmpc_int=\count334
\l__fontspec_em_int=\count335
\l__fontspec_emdef_int=\count336
\l__fontspec_strong_int=\count337
\l__fontspec_strongdef_int=\count338
\l__fontspec_tmpa_dim=\dimen284
\l__fontspec_tmpb_dim=\dimen285
\l__fontspec_tmpc_dim=\dimen286

(c:/texlive/2024/texmf-dist/tex/latex/base/fontenc.sty
Package: fontenc 2021/04/29 v2.0v Standard LaTeX package
)
(c:/texlive/2024/texmf-dist/tex/latex/fontspec/fontspec.cfg)))
(c:/texlive/2024/texmf-dist/tex/xelatex/xepersian/xepersian-persiancal.sty
Package: xepersian-persiancal 2012/07/25 v0.2 provides Persian calendar
\XePersian@i=\count339
\XePersian@y=\count340
\XePersian@m=\count341
\XePersian@d=\count342
\XePersian@latini=\count343
\XePersian@persiani=\count344
\XePersian@latinii=\count345
\XePersian@persianii=\count346
\XePersian@latiniii=\count347
\XePersian@persianiii=\count348
\XePersian@latiniv=\count349
\XePersian@persianiv=\count350
\XePersian@latinv=\count351
\XePersian@persianv=\count352
\XePersian@latinvi=\count353
\XePersian@persianvi=\count354
\XePersian@latinvii=\count355
\XePersian@persianvii=\count356
\XePersian@latinviii=\count357
\XePersian@persianviii=\count358
\XePersian@latinix=\count359
\XePersian@persianix=\count360
\XePersian@latinx=\count361
\XePersian@persianx=\count362
\XePersian@latinxi=\count363
\XePersian@persianxi=\count364
\XePersian@latinxii=\count365
\XePersian@persianxii=\count366
\XePersian@persianxiii=\count367
\XePersian@temp=\count368
\XePersian@temptwo=\count369
\XePersian@tempthree=\count370
\XePersian@yModHundred=\count371
\XePersian@thirtytwo=\count372
\XePersian@dn=\count373
\XePersian@sn=\count374
\XePersian@mminusone=\count375
)
(c:/texlive/2024/texmf-dist/tex/xelatex/xepersian/xepersian-mathdigitspec.sty
Package: xepersian-mathdigitspec 2022/05/20 v1.2.0 Unicode Persian math digits 
in XeLaTeX
)
(c:/texlive/2024/texmf-dist/tex/xelatex/bidi/bidi.sty
Package: bidi 2023/08/02 v39.8 (Release Donald Ervin Knuth) Bidirectional types
etting in plain TeX and LaTeX

****************************************************
* 
* bidi package (Bidirectional typesetting in
* plain TeX and LaTeX, using XeTeX engine)
* 
* Description: A convenient interface for
* typesetting bidirectional texts in plain TeX
* and LaTeX. The package includes adaptations
* for use with many other commonly-used packages.
* 
* Copyright (c) 2007--2023 Vafa Khalighi
* Copyright (c) 2018--2020 bidi-tex GitHub organization
* 
* v39.8 (Release Donald Ervin Knuth), 2023/08/02
* 
* License: LaTeX Project Public License, version
* 1.3c or higher (your choice)
* 
* Location on CTAN: /macros/xetex/latex/bidi
* 
* Issue tracker: https://github.com/kvafa/bidi/issues
* 
* Discussions: https://github.com/kvafa/bidi/discussions
* 
* Primary author of bidi package: Vafa Khalighi.
* 
****************************************************
(c:/texlive/2024/texmf-dist/tex/xelatex/bidi/biditools.sty
Package: biditools 2022/06/15 v2.3 Programming tools for bidi package
\@bidi@envbody=\toks47
\@bidi@emptytoks=\toks48
\bidi@poscount=\count376
\bidi@tempcountb=\count377
\bidi@temptoksa=\toks49
\bidi@temptoksb=\toks50
\bidi@dummies=\count378
\bidi@are@these@correct=\toks51
\bidi@toks@lista=\toks52
\bidi@toks@listb=\toks53
\bidi@stack@length=\count379
\bidi@empty@stack=\toks54
\bidi@looprepeat@depth=\count380
)
(c:/texlive/2024/texmf-dist/tex/latex/zref/zref-abspage.sty
Package: zref-abspage 2023-09-14 v2.35 Module abspage for zref (HO)

(c:/texlive/2024/texmf-dist/tex/latex/zref/zref-base.sty
Package: zref-base 2023-09-14 v2.35 Module base for zref (HO)

(c:/texlive/2024/texmf-dist/tex/generic/etexcmds/etexcmds.sty
Package: etexcmds 2019/12/15 v1.7 Avoid name clashes with e-TeX commands (HO)
)
Package zref Info: New property list: main on input line 767.
Package zref Info: New property: default on input line 768.
Package zref Info: New property: page on input line 769.
)
\c@abspage=\count381
Package zref Info: New property: abspage on input line 67.
)
(c:/texlive/2024/texmf-dist/tex/latex/xkeyval/xkeyval.sty
Package: xkeyval 2022/06/16 v2.9 package option processing (HA)

(c:/texlive/2024/texmf-dist/tex/generic/xkeyval/xkeyval.tex
(c:/texlive/2024/texmf-dist/tex/generic/xkeyval/xkvutils.tex
\XKV@toks=\toks55
\XKV@tempa@toks=\toks56
)
\XKV@depth=\count382
File: xkeyval.tex 2014/12/03 v2.7a key=value parser (HA)
))
\@bidi@copyins@=\insert252

(c:/texlive/2024/texmf-dist/tex/xelatex/bidi/latex-xetex-bidi.def
File: latex-xetex-bidi.def 2022/07/04 v1.4.9 bidi adaptations for `latex.ltx' f
or XeTeX engine
\bidi@n@everypar=\toks57
\bidi@column@check@number=\count383

(c:/texlive/2024/texmf-dist/tex/xelatex/bidi/footnote-xetex-bidi.def
File: footnote-xetex-bidi.def 2023/01/18 v1.2 bidi footnote macros for XeTeX en
gine
\c@footdir@label=\count384
\footdir@toks=\toks58
)
(c:/texlive/2024/texmf-dist/tex/xelatex/bidi/book-xetex-bidi.def
File: book-xetex-bidi.def 2017/06/09 v1.0 bidi adaptations for standard book cl
ass for XeTeX engine
)
(c:/texlive/2024/texmf-dist/tex/xelatex/bidi/amsmath-xetex-bidi.def
File: amsmath-xetex-bidi.def 2020/05/16 v1.2 bidi adaptations for amsmath packa
ge for XeTeX engine
)
(c:/texlive/2024/texmf-dist/tex/xelatex/bidi/amstext-xetex-bidi.def
File: amstext-xetex-bidi.def 2016/09/12 v0.2 bidi adaptations for amstext packa
ge for XeTeX engine
)
(c:/texlive/2024/texmf-dist/tex/xelatex/bidi/amsthm-xetex-bidi.def
File: amsthm-xetex-bidi.def 2010/07/25 v0.1 bidi adaptations for amsthm package
 for XeTeX engine
)
(c:/texlive/2024/texmf-dist/tex/xelatex/bidi/color-xetex-bidi.def
File: color-xetex-bidi.def 2013/04/08 v0.2 bidi adaptations for color package f
or XeTeX engine
LaTeX Info: Redefining \color on input line 49.
)
(c:/texlive/2024/texmf-dist/tex/xelatex/bidi/xcolor-xetex-bidi.def
File: xcolor-xetex-bidi.def 2022/06/13 v0.3 bidi adaptations for xcolor package
 for XeTeX engine
LaTeX Info: Redefining \color on input line 48.
LaTeX Info: Redefining \bidicolor on input line 91.
)
(c:/texlive/2024/texmf-dist/tex/xelatex/bidi/graphicx-xetex-bidi.def
File: graphicx-xetex-bidi.def 2017/06/17 v0.5 bidi adaptations for graphicx pac
kage for XeTeX engine
)
(c:/texlive/2024/texmf-dist/tex/xelatex/bidi/geometry-xetex-bidi.def
File: geometry-xetex-bidi.def 2017/01/14 v0.2 bidi adaptations for geometry pac
kage for XeTeX engine
)
(c:/texlive/2024/texmf-dist/tex/xelatex/bidi/hyperref-xetex-bidi.def
File: hyperref-xetex-bidi.def 2018/11/11 v1.1 bidi adaptations for hyperref pac
kage for XeTeX engine
)
(c:/texlive/2024/texmf-dist/tex/xelatex/bidi/fancyhdr-xetex-bidi.def
File: fancyhdr-xetex-bidi.def 2018/02/15 v0.7 bidi adaptations for fancyhdr pac
kage for XeTeX engine
)
(c:/texlive/2024/texmf-dist/tex/xelatex/bidi/pgfcorescopes.code-xetex-bidi.def
File: pgfcorescopes.code-xetex-bidi.def 2015/11/14 v0.1 bidi adaptations for pg
f package for XeTeX engine
) (c:/texlive/2024/texmf-dist/tex/xelatex/bidi/titletoc-xetex-bidi.def
File: titletoc-xetex-bidi.def 2013/04/10 v0.2 bidi adaptations for titletoc pac
kage for XeTeX engine
)
(c:/texlive/2024/texmf-dist/tex/xelatex/bidi/array-xetex-bidi.def
File: array-xetex-bidi.def 2015/11/07 v0.3 bidi adaptations for array package f
or XeTeX engine
)
(c:/texlive/2024/texmf-dist/tex/xelatex/bidi/multicol-xetex-bidi.def
File: multicol-xetex-bidi.def 2022/07/10 v1.4 bidi adaptations for multicol pac
kage for XeTeX engine
)
(c:/texlive/2024/texmf-dist/tex/xelatex/bidi/pgfsys.code-xetex-bidi.def
File: pgfsys.code-xetex-bidi.def 2022/06/01 v0.1 bidi adaptations for pgfsys.co
de.tex file for XeTeX engine
)
(c:/texlive/2024/texmf-dist/tex/xelatex/bidi/tocbibind-xetex-bidi.def
File: tocbibind-xetex-bidi.def 2017/06/09 v0.4 bidi adaptations for tocbibind p
ackage for XeTeX engine
)
(c:/texlive/2024/texmf-dist/tex/xelatex/bidi/tocloft-xetex-bidi.def
File: tocloft-xetex-bidi.def 2023/08/02 v0.3 bidi adaptations for tocloft packa
ge for XeTeX engine
))
(c:/texlive/2024/texmf-dist/tex/xelatex/bidi/loadingorder-xetex-bidi.def
File: loadingorder-xetex-bidi.def 2017/12/29 v0.97 making sure that bidi is the
 last package loaded
)
\bidi@digits=\count385
\bidi@digits@charclass=\XeTeXcharclass1
\bidi@sepmark@charclass=\XeTeXcharclass2
)
****************************************************
* 
* xepersian package (Persian for LaTeX, using XeTeX engine)
* 
* Description: The package supports Persian
* typesetting, using fonts provided in the
* distribution.
* 
* Copyright (c) 2008--2023 Vafa Khalighi
* Copyright (c) 2018--2020 bidi-tex GitHub Organization
* 
* v25.0 (Release Women, Life, and Freedom), 2023/08/30
* 
* License: LaTeX Project Public License, version
* 1.3c or higher (your choice)
* 
* Location on CTAN: /macros/xetex/latex/xepersian
* 
* Issue tracker: https://github.com/kvafa/xepersian/issues
* 
* Discussions: https://github.com/kvafa/xepersian/discussions
* 
* Primary author of xepersian package: Vafa Khalighi.
* 
****************************************************
\xepersian@tcl=\count386
\xepersian@ilg=\dimen287
\xepersian@strutilg=\dimen288
(c:/texlive/2024/texmf-dist/tex/xelatex/xepersian/loadingorder-xepersian.def
File: loadingorder-xepersian.def 2018/09/29 v0.5 making sure that xepersian is 
the last package loaded
)
(c:/texlive/2024/texmf-dist/tex/xelatex/xepersian/footnote-xepersian.def
File: footnote-xepersian.def 2017/08/09 v0.6 footnote macros for xepersian pack
age
)
(c:/texlive/2024/texmf-dist/tex/xelatex/xepersian/enumitem-xepersian.def
File: enumitem-xepersian.def 2017/09/06 v0.1 adaptations for enumitem package
)
(c:/texlive/2024/texmf-dist/tex/xelatex/xepersian/hyperref-xepersian.def
File: hyperref-xepersian.def 2022/10/30 v0.8 xepersian adaptations for hyperref
 package
)
(c:/texlive/2024/texmf-dist/tex/xelatex/xepersian/tocloft-xepersian.def
File: tocloft-xepersian.def 2010/07/25 v0.1 bilingual captions for tocloft pack
age
)
(c:/texlive/2024/texmf-dist/tex/xelatex/xepersian/url-xepersian.def
File: url-xepersian.def 2022/02/18 v0.1 adaptations for url package
)
(c:/texlive/2024/texmf-dist/tex/xelatex/xepersian/book-xepersian.def
File: book-xepersian.def 2010/07/25 v0.2 adaptations for standard book class
)

Package fontspec Info: Font family 'lmroman10-regular(0)' created for font
(fontspec)             'lmroman10-regular' with options
(fontspec)             [Ligatures=TeX,Path,BoldFont={lmroman10-bold},BoldItalic
Font={lmroman10-bolditalic},ItalicFont={lmroman10-italic},SmallCapsFont={lmroma
ncaps10-regular},SlantedFont={lmromanslant10-regular},BoldSlantedFont={lmromans
lant10-bold}].
(fontspec)              
(fontspec)              This font family consists of the following NFSS
(fontspec)             series/shapes:
(fontspec)              
(fontspec)             - 'normal' (m/n) with NFSS spec.:
(fontspec)             <->"[lmroman10-regular]/OT:script=latn;language=dflt;map
ping=tex-text;"
(fontspec)             - 'small caps'  (m/sc) with NFSS spec.:
(fontspec)             <->"[lmromancaps10-regular]/OT:script=latn;language=dflt
;mapping=tex-text;"
(fontspec)             - 'bold' (b/n) with NFSS spec.:
(fontspec)             <->"[lmroman10-bold]/OT:script=latn;language=dflt;mappin
g=tex-text;"
(fontspec)             - 'bold small caps'  (b/sc) with NFSS spec.:
(fontspec)             <->"[lmromancaps10-regular]/OT:script=latn;language=dflt
;mapping=tex-text;"
(fontspec)             - 'italic' (m/it) with NFSS spec.:
(fontspec)             <->"[lmroman10-italic]/OT:script=latn;language=dflt;mapp
ing=tex-text;"
(fontspec)             - 'italic small caps'  (m/scit) with NFSS spec.:
(fontspec)             <->"[lmromancaps10-regular]/OT:script=latn;language=dflt
;mapping=tex-text;"
(fontspec)             - 'slanted' (m/sl) with NFSS spec.:
(fontspec)             <->"[lmromanslant10-regular]/OT:script=latn;language=dfl
t;mapping=tex-text;"
(fontspec)             - 'slanted small caps'  (m/scsl) with NFSS spec.:
(fontspec)             <->"[lmromancaps10-regular]/OT:script=latn;language=dflt
;mapping=tex-text;"
(fontspec)             - 'bold italic' (b/it) with NFSS spec.:
(fontspec)             <->"[lmroman10-bolditalic]/OT:script=latn;language=dflt;
mapping=tex-text;"
(fontspec)             - 'bold italic small caps'  (b/scit) with NFSS spec.:
(fontspec)             <->"[lmromancaps10-regular]/OT:script=latn;language=dflt
;mapping=tex-text;"
(fontspec)             - 'bold slanted' (b/sl) with NFSS spec.:
(fontspec)             <->"[lmromanslant10-bold]/OT:script=latn;language=dflt;m
apping=tex-text;"
(fontspec)             - 'bold slanted small caps'  (b/scsl) with NFSS spec.:
(fontspec)             <->"[lmromancaps10-regular]/OT:script=latn;language=dflt
;mapping=tex-text;"

)

Package fontspec Info: X Nazanin scale = 1.1.


Package fontspec Info: X Nazanin scale = 1.1.


Package fontspec Info: BNaznnBd scale = 1.1.


Package fontspec Info: Font family 'XNazanin.ttf(0)' created for font 'X
(fontspec)             Nazanin.ttf' with options [Ligatures=PersianTeX,Scale =
(fontspec)             1.1,BoldFont={BNaznnBd.ttf}].
(fontspec)              
(fontspec)              This font family consists of the following NFSS
(fontspec)             series/shapes:
(fontspec)              
(fontspec)             - 'normal' (m/n) with NFSS spec.: <->s*[1.1]"[X
(fontspec)             Nazanin.ttf]/OT:language=dflt;mapping=persian-tex-text;"

(fontspec)             - 'small caps'  (m/sc) with NFSS spec.: 
(fontspec)             - 'bold' (b/n) with NFSS spec.:
(fontspec)             <->s*[1.1]"[BNaznnBd.ttf]/OT:language=dflt;mapping=persi
an-tex-text;"
(fontspec)             - 'bold small caps'  (b/sc) with NFSS spec.: 


Package fontspec Info: X Nazanin scale = 1.1.

Package xepersian-mathdigitspec Info: DefiningthedefaultPersianmathdigitsfontas
'X Nazanin.ttf' on input line 61.
\symOPERATORS=\mathgroup6
\symnew@mathbf@font@digits=\mathgroup7
\symnew@mathit@font@digits=\mathgroup8
\symnew@mathrm@font@digits=\mathgroup9

Package fontspec Info: Times New Roman scale = 1.05.


Package fontspec Info: Times New Roman scale = 1.05.


Package fontspec Info: Font family 'TimesNewRoman.ttf(0)' created for font
(fontspec)             'Times New Roman.ttf' with options [Ligatures=TeX,Scale
(fontspec)             = 1.05].
(fontspec)              
(fontspec)              This font family consists of the following NFSS
(fontspec)             series/shapes:
(fontspec)              
(fontspec)             - 'normal' (m/n) with NFSS spec.: <->s*[1.05]"[Times
(fontspec)             New Roman.ttf]/OT:language=dflt;mapping=tex-text;"
(fontspec)             - 'small caps'  (m/sc) with NFSS spec.: 

LaTeX Info: Redefining \latinfont on input line 62.

Package fontspec Info: bnazanin scale = 1.2.


Package fontspec Info: bnazanin scale = 1.2.


Package fontspec Info: BNaznnBd scale = 1.2.


Package fontspec Info: bnazanin scale = 1.2.


Package fontspec Info: bnazanin scale = 1.2.


Package fontspec Info: Font family 'bnazanin.ttf(0)' created for font
(fontspec)             'bnazanin.ttf' with options
(fontspec)             [RawFeature={script=arab},Ligatures=PersianTeX,Scale=1.2
,BoldFont={BNaznnBd.ttf},ItalicFont={bnazanin.ttf},ItalicFeatures={FakeSlant=.3
},BoldItalicFont={bnazanin.ttf},BoldItalicFeatures={FakeSlant=.3,FakeBold=1}].
(fontspec)              
(fontspec)              This font family consists of the following NFSS
(fontspec)             series/shapes:
(fontspec)              
(fontspec)             - 'normal' (m/n) with NFSS spec.:
(fontspec)             <->s*[1.2]"[bnazanin.ttf]/OT:language=dflt;script=arab;m
apping=persian-tex-text;"
(fontspec)             - 'small caps'  (m/sc) with NFSS spec.: 
(fontspec)             - 'bold' (b/n) with NFSS spec.:
(fontspec)             <->s*[1.2]"[BNaznnBd.ttf]/OT:language=dflt;script=arab;m
apping=persian-tex-text;"
(fontspec)             - 'bold small caps'  (b/sc) with NFSS spec.: 
(fontspec)             - 'italic' (m/it) with NFSS spec.:
(fontspec)             <->s*[1.2]"[bnazanin.ttf]/OT:language=dflt;slant=.3;scri
pt=arab;mapping=persian-tex-text;"
(fontspec)             - 'italic small caps'  (m/scit) with NFSS spec.: 
(fontspec)             - 'bold italic' (b/it) with NFSS spec.:
(fontspec)             <->s*[1.2]"[bnazanin.ttf]/OT:language=dflt;slant=.3;embo
lden=1;script=arab;mapping=persian-tex-text;"
(fontspec)             - 'bold italic small caps'  (b/scit) with NFSS spec.: 

LaTeX Font Info:    Font shape `TU/bnazanin.ttf(0)/m/n' will be
(Font)              scaled to size 14.39996pt on input line 71.

Package fontspec Info: IranNastaliq scale = 2.


Package fontspec Info: IranNastaliq scale = 2.


Package fontspec Info: Font family 'IranNastaliq.ttf(0)' created for font
(fontspec)             'IranNastaliq.ttf' with options
(fontspec)             [RawFeature={script=arab},Ligatures=PersianTeX,Scale=2].

(fontspec)              
(fontspec)              This font family consists of the following NFSS
(fontspec)             series/shapes:
(fontspec)              
(fontspec)             - 'normal' (m/n) with NFSS spec.:
(fontspec)             <->s*[2]"[IranNastaliq.ttf]/OT:language=dflt;script=arab
;mapping=persian-tex-text;"
(fontspec)             - 'small caps'  (m/sc) with NFSS spec.: 


Package fontspec Info: BNaznnBd scale = 3.


Package fontspec Info: BNaznnBd scale = 3.


Package fontspec Info: Font family 'BNaznnBd.ttf(0)' created for font
(fontspec)             'BNaznnBd.ttf' with options
(fontspec)             [RawFeature={script=arab},Ligatures=PersianTeX,Scale=3].

(fontspec)              
(fontspec)              This font family consists of the following NFSS
(fontspec)             series/shapes:
(fontspec)              
(fontspec)             - 'normal' (m/n) with NFSS spec.:
(fontspec)             <->s*[3]"[BNaznnBd.ttf]/OT:language=dflt;script=arab;map
ping=persian-tex-text;"
(fontspec)             - 'small caps'  (m/sc) with NFSS spec.: 

\c@definition=\count387


Package amsthm Warning: Unknown theoremstyle `theorem' on input line 126.

\c@savepage=\count388
)

LaTeX Warning: Unused global option(s):
    [oneside,12pt].

(./AUTthesis.aux (./chapter1.aux) (./chapter2.aux) (./chapter3.aux)
(./chapter4.aux) (./chapter5.aux) (./appendix1.aux) (./dicfa2en.aux)
(./dicen2fa.aux) (./en-abstract.aux))
\openout1 = `AUTthesis.aux'.

LaTeX Font Info:    Checking defaults for OML/cmm/m/it on input line 21.
LaTeX Font Info:    ... okay on input line 21.
LaTeX Font Info:    Checking defaults for OMS/cmsy/m/n on input line 21.
LaTeX Font Info:    ... okay on input line 21.
LaTeX Font Info:    Checking defaults for OT1/cmr/m/n on input line 21.
LaTeX Font Info:    ... okay on input line 21.
LaTeX Font Info:    Checking defaults for T1/cmr/m/n on input line 21.
LaTeX Font Info:    ... okay on input line 21.
LaTeX Font Info:    Checking defaults for TS1/cmr/m/n on input line 21.
LaTeX Font Info:    Trying to load font information for TS1+cmr on input line 2
1.

(c:/texlive/2024/texmf-dist/tex/latex/base/ts1cmr.fd
File: ts1cmr.fd 2023/04/13 v2.5m Standard LaTeX font definitions
)
LaTeX Font Info:    ... okay on input line 21.
LaTeX Font Info:    Checking defaults for TU/lmr/m/n on input line 21.
LaTeX Font Info:    ... okay on input line 21.
LaTeX Font Info:    Checking defaults for OMX/cmex/m/n on input line 21.
LaTeX Font Info:    ... okay on input line 21.
LaTeX Font Info:    Checking defaults for U/cmr/m/n on input line 21.
LaTeX Font Info:    ... okay on input line 21.
LaTeX Font Info:    Checking defaults for PD1/pdf/m/n on input line 21.
LaTeX Font Info:    ... okay on input line 21.
LaTeX Font Info:    Checking defaults for PU/pdf/m/n on input line 21.
LaTeX Font Info:    ... okay on input line 21.

*geometry* driver: auto-detecting
*geometry* detected driver: xetex
*geometry* verbose mode - [ preamble ] result:
* driver: xetex
* paper: <default>
* layout: <same size as paper>
* layoutoffset:(h,v)=(0.0pt,0.0pt)
* modes: 
* h-part:(L,W,R)=(71.13188pt, 441.01773pt, 85.35826pt)
* v-part:(T,H,B)=(85.35826pt, 674.33032pt, 85.35826pt)
* \paperwidth=597.50787pt
* \paperheight=845.04684pt
* \textwidth=441.01773pt
* \textheight=674.33032pt
* \oddsidemargin=-1.1381pt
* \evensidemargin=-1.1381pt
* \topmargin=-18.78552pt
* \headheight=12.0pt
* \headsep=19.8738pt
* \topskip=12.0pt
* \footskip=30.0pt
* \marginparwidth=38.0pt
* \marginparsep=7.0pt
* \columnsep=42.67912pt
* \skip\footins=10.8pt plus 4.0pt minus 2.0pt
* \hoffset=0.0pt
* \voffset=0.0pt
* \mag=1000
* \@twocolumnfalse
* \@twosidefalse
* \@mparswitchfalse
* \@reversemarginfalse
* (1in=72.27pt=25.4mm, 1cm=28.453pt)

Package hyperref Info: Link coloring ON on input line 21.
(./AUTthesis.out) (./AUTthesis.out)
\@outlinefile=\write5
\openout5 = `AUTthesis.out'.

 (./fa_title.tex
File: fa-logo.png Graphic file (type bmp)
<fa-logo.png>
LaTeX Font Info:    Font shape `TU/bnazanin.ttf(0)/b/n' will be
(Font)              scaled to size 14.39996pt on input line 23.
LaTeX Font Info:    Font shape `TU/bnazanin.ttf(0)/b/n' will be
(Font)              scaled to size 19.19995pt on input line 23.
LaTeX Font Info:    Font shape `TU/bnazanin.ttf(0)/m/n' will be
(Font)              scaled to size 19.19995pt on input line 23.
LaTeX Font Info:    Font shape `TU/bnazanin.ttf(0)/m/n' will be
(Font)              scaled to size 23.99994pt on input line 23.
LaTeX Font Info:    Font shape `TU/bnazanin.ttf(0)/b/n' will be
(Font)              scaled to size 23.99994pt on input line 23.
LaTeX Font Info:    Font shape `TU/bnazanin.ttf(0)/m/n' will be
(Font)              scaled to size 21.59995pt on input line 23.
LaTeX Font Info:    Font shape `TU/bnazanin.ttf(0)/b/n' will be
(Font)              scaled to size 21.59995pt on input line 23.
 [1

]
File: besm.jpg Graphic file (type bmp)
<besm.jpg>
) (./taid.tex [2]
LaTeX Font Info:    Font shape `TU/bnazanin.ttf(0)/m/n' will be
(Font)              scaled to size 20.73593pt on input line 5.
LaTeX Font Info:    Font shape `TU/bnazanin.ttf(0)/b/n' will be
(Font)              scaled to size 20.73593pt on input line 5.
LaTeX Font Info:    Font shape `TU/bnazanin.ttf(0)/m/n' will be
(Font)              scaled to size 17.27994pt on input line 14.
LaTeX Font Info:    Font shape `TU/bnazanin.ttf(0)/b/n' will be
(Font)              scaled to size 17.27994pt on input line 14.
LaTeX Font Info:    Trying to load font information for U+msa on input line 18.


(c:/texlive/2024/texmf-dist/tex/latex/amsfonts/umsa.fd
File: umsa.fd 2013/01/14 v3.01 AMS symbols A
)
LaTeX Font Info:    Trying to load font information for U+msb on input line 18.


(c:/texlive/2024/texmf-dist/tex/latex/amsfonts/umsb.fd
File: umsb.fd 2013/01/14 v3.01 AMS symbols B
)
LaTeX Font Info:    Font shape `TU/XNazanin.ttf(0)/m/n' will be
(Font)              scaled to size 13.20007pt on input line 18.
LaTeX Font Info:    Font shape `TU/XNazanin.ttf(0)/m/n' will be
(Font)              scaled to size 8.80005pt on input line 18.
LaTeX Font Info:    Font shape `TU/XNazanin.ttf(0)/m/n' will be
(Font)              scaled to size 6.60004pt on input line 18.
LaTeX Font Info:    Font shape `TU/XNazanin.ttf(0)/bx/n' in size <12> not avail
able
(Font)              Font shape `TU/XNazanin.ttf(0)/b/n' tried instead on input 
line 18.
LaTeX Font Info:    Font shape `TU/XNazanin.ttf(0)/b/n' will be
(Font)              scaled to size 13.20007pt on input line 18.
LaTeX Font Info:    Font shape `TU/XNazanin.ttf(0)/bx/n' in size <8> not availa
ble
(Font)              Font shape `TU/XNazanin.ttf(0)/b/n' tried instead on input 
line 18.
LaTeX Font Info:    Font shape `TU/XNazanin.ttf(0)/b/n' will be
(Font)              scaled to size 8.80005pt on input line 18.
LaTeX Font Info:    Font shape `TU/XNazanin.ttf(0)/bx/n' in size <6> not availa
ble
(Font)              Font shape `TU/XNazanin.ttf(0)/b/n' tried instead on input 
line 18.
LaTeX Font Info:    Font shape `TU/XNazanin.ttf(0)/b/n' will be
(Font)              scaled to size 6.60004pt on input line 18.


LaTeX Font Warning: Font shape `TU/XNazanin.ttf(0)/m/it' undefined
(Font)              using `TU/XNazanin.ttf(0)/m/n' instead on input line 18.

LaTeX Font Info:    Font shape `TU/XNazanin.ttf(0)/m/it' will be
(Font)              scaled to size 8.80005pt on input line 18.
LaTeX Font Info:    Font shape `TU/XNazanin.ttf(0)/m/it' will be
(Font)              scaled to size 6.60004pt on input line 18.
[3]
File: fa-logo.png Graphic file (type bmp)
<fa-logo.png>
LaTeX Font Info:    Font shape `TU/bnazanin.ttf(0)/m/n' will be
(Font)              scaled to size 11.99997pt on input line 36.

Overfull \hbox (8.46791pt too wide) in paragraph at lines 44--45
[]\TU/bnazanin.ttf(0)/m/n/12         
       []
 []

) (./Chant.tex [4]
LaTeX Font Info:    Font shape `TU/IranNastaliq.ttf(0)/m/n' will be
(Font)              scaled to size 24.0pt on input line 5.
 [5]) (./acknowledgement.tex
Underfull \hbox (badness 10000) in paragraph at lines 5--8
[][]
 []

LaTeX Font Info:    Font shape `TU/IranNastaliq.ttf(0)/m/n' will be
(Font)              scaled to size 16.0pt on input line 25.
[6]) (./TOC-TOF-LOT.tex

Package fancyhdr Warning: \headheight is too small (12.0pt): 
(fancyhdr)                Make it at least 14.49998pt, for example:
(fancyhdr)                \setlength{\headheight}{14.49998pt}.
(fancyhdr)                You might also make \topmargin smaller to compensate:

(fancyhdr)                \addtolength{\topmargin}{-2.49998pt}.

[1

]
LaTeX Font Info:    Font shape `TU/bnazanin.ttf(0)/m/n' will be
(Font)              scaled to size 24.88794pt on input line 7.
LaTeX Font Info:    Font shape `TU/bnazanin.ttf(0)/b/n' will be
(Font)              scaled to size 24.88794pt on input line 7.
 (./AUTthesis.toc

LaTeX Font Warning: Font shape `TU/TimesNewRoman.ttf(0)/b/n' undefined
(Font)              using `TU/TimesNewRoman.ttf(0)/m/n' instead on input line 7
.

LaTeX Font Info:    Font shape `TU/TimesNewRoman.ttf(0)/m/n' will be
(Font)              scaled to size 12.60004pt on input line 7.
LaTeX Font Info:    Font shape `TU/TimesNewRoman.ttf(0)/b/n' will be
(Font)              scaled to size 12.60004pt on input line 7.
[2

])
\tf@toc=\write6
\openout6 = `AUTthesis.toc'.



Package fancyhdr Warning: \headheight is too small (12.0pt): 
(fancyhdr)                Make it at least 14.49998pt, for example:
(fancyhdr)                \setlength{\headheight}{14.49998pt}.
(fancyhdr)                You might also make \topmargin smaller to compensate:

(fancyhdr)                \addtolength{\topmargin}{-2.49998pt}.

[3] (./AUTthesis.lof)
\tf@lof=\write7
\openout7 = `AUTthesis.lof'.



Package fancyhdr Warning: \headheight is too small (12.0pt): 
(fancyhdr)                Make it at least 14.49998pt, for example:
(fancyhdr)                \setlength{\headheight}{14.49998pt}.
(fancyhdr)                You might also make \topmargin smaller to compensate:

(fancyhdr)                \addtolength{\topmargin}{-2.49998pt}.

[4

] (./AUTthesis.lot)
\tf@lot=\write8
\openout8 = `AUTthesis.lot'.



Package fancyhdr Warning: \headheight is too small (12.0pt): 
(fancyhdr)                Make it at least 14.49998pt, for example:
(fancyhdr)                \setlength{\headheight}{14.49998pt}.
(fancyhdr)                You might also make \topmargin smaller to compensate:

(fancyhdr)                \addtolength{\topmargin}{-2.49998pt}.

[5

]) (./list-of-symbols.tex
LaTeX Font Info:    Font shape `TU/bnazanin.ttf(0)/m/n' will be
(Font)              scaled to size 9.59998pt on input line 13.
LaTeX Font Info:    Font shape `TU/bnazanin.ttf(0)/m/n' will be
(Font)              scaled to size 7.19998pt on input line 13.

Underfull \hbox (badness 10000) in paragraph at lines 13--15
[][]
 []


Underfull \hbox (badness 10000) in paragraph at lines 13--15
[][]
 []


Underfull \hbox (badness 10000) in paragraph at lines 19--20
[][]
 []


Package fancyhdr Warning: \headheight is too small (12.0pt): 
(fancyhdr)                Make it at least 14.49998pt, for example:
(fancyhdr)                \setlength{\headheight}{14.49998pt}.
(fancyhdr)                You might also make \topmargin smaller to compensate:

(fancyhdr)                \addtolength{\topmargin}{-2.49998pt}.

[6


])
\openout2 = `chapter1.aux'.

 (./chapter1.tex

Package fancyhdr Warning: \headheight is too small (12.0pt): 
(fancyhdr)                Make it at least 14.49998pt, for example:
(fancyhdr)                \setlength{\headheight}{14.49998pt}.
(fancyhdr)                You might also make \topmargin smaller to compensate:

(fancyhdr)                \addtolength{\topmargin}{-2.49998pt}.

[1

]
 1.
LaTeX Font Info:    Font shape `TU/bnazanin.ttf(0)/b/n' will be
(Font)              scaled to size 29.85593pt on input line 3.
LaTeX Font Info:    Font shape `TU/bnazanin.ttf(0)/b/n' will be
(Font)              scaled to size 13.13995pt on input line 3.

LaTeX Font Warning: Font shape `TU/BNaznnBd.ttf(0)/b/n' undefined
(Font)              using `TU/BNaznnBd.ttf(0)/m/n' instead on input line 3.

LaTeX Font Info:    Font shape `TU/BNaznnBd.ttf(0)/m/n' will be
(Font)              scaled to size 32.84999pt on input line 3.
LaTeX Font Info:    Font shape `TU/TimesNewRoman.ttf(0)/b/n' will be
(Font)              scaled to size 26.12407pt on input line 3.

Package fancyhdr Warning: \headheight is too small (12.0pt): 
(fancyhdr)                Make it at least 14.49998pt, for example:
(fancyhdr)                \setlength{\headheight}{14.49998pt}.
(fancyhdr)                You might also make \topmargin smaller to compensate:

(fancyhdr)                \addtolength{\topmargin}{-2.49998pt}.

[2

]
LaTeX Font Info:    Font shape `TU/XNazanin.ttf(0)/b/n' will be
(Font)              scaled to size 19.0081pt on input line 4.

Missing character: There is no  (U+00A0) in font [bnazanin.ttf]/OT:language=df
lt;script=arab;mapping=persian-tex-text;!
Missing character: There is no  (U+00A0) in font [bnazanin.ttf]/OT:language=df
lt;script=arab;mapping=persian-tex-text;!
LaTeX Font Info:    Font shape `TU/TimesNewRoman.ttf(0)/m/n' will be
(Font)              scaled to size 10.50003pt on input line 6.
LaTeX Font Info:    Font shape `TU/XNazanin.ttf(0)/m/n' will be
(Font)              scaled to size 11.00006pt on input line 6.
LaTeX Font Info:    Font shape `TU/XNazanin.ttf(0)/m/n' will be
(Font)              scaled to size 7.70004pt on input line 6.
LaTeX Font Info:    Font shape `TU/XNazanin.ttf(0)/m/n' will be
(Font)              scaled to size 5.50003pt on input line 6.
LaTeX Font Info:    Font shape `TU/XNazanin.ttf(0)/bx/n' in size <10> not avail
able
(Font)              Font shape `TU/XNazanin.ttf(0)/b/n' tried instead on input 
line 6.
LaTeX Font Info:    Font shape `TU/XNazanin.ttf(0)/b/n' will be
(Font)              scaled to size 11.00006pt on input line 6.
LaTeX Font Info:    Font shape `TU/XNazanin.ttf(0)/bx/n' in size <7> not availa
ble
(Font)              Font shape `TU/XNazanin.ttf(0)/b/n' tried instead on input 
line 6.
LaTeX Font Info:    Font shape `TU/XNazanin.ttf(0)/b/n' will be
(Font)              scaled to size 7.70004pt on input line 6.
LaTeX Font Info:    Font shape `TU/XNazanin.ttf(0)/bx/n' in size <5> not availa
ble
(Font)              Font shape `TU/XNazanin.ttf(0)/b/n' tried instead on input 
line 6.
LaTeX Font Info:    Font shape `TU/XNazanin.ttf(0)/b/n' will be
(Font)              scaled to size 5.50003pt on input line 6.
LaTeX Font Info:    Font shape `TU/XNazanin.ttf(0)/m/it' will be
(Font)              scaled to size 11.00006pt on input line 6.
LaTeX Font Info:    Font shape `TU/XNazanin.ttf(0)/m/it' will be
(Font)              scaled to size 7.70004pt on input line 6.
LaTeX Font Info:    Font shape `TU/XNazanin.ttf(0)/m/it' will be
(Font)              scaled to size 5.50003pt on input line 6.
LaTeX Font Info:    Font shape `TU/TimesNewRoman.ttf(0)/m/n' will be
(Font)              scaled to size 7.35002pt on input line 6.
Missing character: There is no  (U+00A0) in font [bnazanin.ttf]/OT:language=df
lt;script=arab;mapping=persian-tex-text;!
Missing character: There is no  (U+00A0) in font [bnazanin.ttf]/OT:language=df
lt;script=arab;mapping=persian-tex-text;!
Missing character: There is no  (U+00A0) in font [bnazanin.ttf]/OT:language=df
lt;script=arab;mapping=persian-tex-text;!
Missing character: There is no  (U+00A0) in font [bnazanin.ttf]/OT:language=df
lt;script=arab;mapping=persian-tex-text;!
LaTeX Font Info:    Font shape `TU/XNazanin.ttf(0)/m/it' will be
(Font)              scaled to size 13.20007pt on input line 10.
Missing character: There is no  (U+00A0) in font [bnazanin.ttf]/OT:language=df
lt;script=arab;mapping=persian-tex-text;!
Missing character: There is no  (U+00A0) in font [bnazanin.ttf]/OT:language=df
lt;script=arab;mapping=persian-tex-text;!
Missing character: There is no  (U+00A0) in font [bnazanin.ttf]/OT:language=df
lt;script=arab;mapping=persian-tex-text;!
Missing character: There is no  (U+00A0) in font [bnazanin.ttf]/OT:language=df
lt;script=arab;mapping=persian-tex-text;!
Missing character: There is no  (U+00A0) in font [bnazanin.ttf]/OT:language=df
lt;script=arab;mapping=persian-tex-text;!
Missing character: There is no  (U+00A0) in font [bnazanin.ttf]/OT:language=df
lt;script=arab;mapping=persian-tex-text;!
Missing character: There is no  (U+00A0) in font [bnazanin.ttf]/OT:language=df
lt;script=arab;mapping=persian-tex-text;!
Missing character: There is no  (U+00A0) in font [bnazanin.ttf]/OT:language=df
lt;script=arab;mapping=persian-tex-text;!
Missing character: There is no  (U+00A0) in font [bnazanin.ttf]/OT:language=df
lt;script=arab;mapping=persian-tex-text;!
Missing character: There is no  (U+00A0) in font [bnazanin.ttf]/OT:language=df
lt;script=arab;mapping=persian-tex-text;!
File: Figures/LNG/Fuel Type.png Graphic file (type bmp)
<Figures/LNG/Fuel Type.png>

Package fancyhdr Warning: \headheight is too small (12.0pt): 
(fancyhdr)                Make it at least 14.49998pt, for example:
(fancyhdr)                \setlength{\headheight}{14.49998pt}.
(fancyhdr)                You might also make \topmargin smaller to compensate:

(fancyhdr)                \addtolength{\topmargin}{-2.49998pt}.

[3]
LaTeX Font Info:    Font shape `TU/XNazanin.ttf(0)/b/n' will be
(Font)              scaled to size 15.84007pt on input line 25.

Missing character: There is no  (U+00A0) in font [bnazanin.ttf]/OT:language=df
lt;script=arab;mapping=persian-tex-text;!
Missing character: There is no  (U+00A0) in font [bnazanin.ttf]/OT:language=df
lt;script=arab;mapping=persian-tex-text;!
Missing character: There is no  (U+00A0) in font [bnazanin.ttf]/OT:language=df
lt;script=arab;mapping=persian-tex-text;!
Missing character: There is no  (U+00A0) in font [bnazanin.ttf]/OT:language=df
lt;script=arab;mapping=persian-tex-text;!
Missing character: There is no  (U+00A0) in font [bnazanin.ttf]/OT:language=df
lt;script=arab;mapping=persian-tex-text;!
File: Figures/LNG/technology.png Graphic file (type bmp)
<Figures/LNG/technology.png>

LaTeX Warning: `!h' float specifier changed to `!ht'.

Missing character: There is no  (U+00A0) in font [bnazanin.ttf]/OT:language=df
lt;script=arab;mapping=persian-tex-text;!
Missing character: There is no  (U+00A0) in font [bnazanin.ttf]/OT:language=df
lt;script=arab;mapping=persian-tex-text;!

Package fancyhdr Warning: \headheight is too small (12.0pt): 
(fancyhdr)                Make it at least 14.49998pt, for example:
(fancyhdr)                \setlength{\headheight}{14.49998pt}.
(fancyhdr)                You might also make \topmargin smaller to compensate:

(fancyhdr)                \addtolength{\topmargin}{-2.49998pt}.

[4]
Missing character: There is no  (U+00A0) in font [bnazanin.ttf]/OT:language=df
lt;script=arab;mapping=persian-tex-text;!
Missing character: There is no  (U+00A0) in font [bnazanin.ttf]/OT:language=df
lt;script=arab;mapping=persian-tex-text;!
Missing character: There is no  (U+00A0) in font [bnazanin.ttf]/OT:language=df
lt;script=arab;mapping=persian-tex-text;!

Package fancyhdr Warning: \headheight is too small (12.0pt): 
(fancyhdr)                Make it at least 14.49998pt, for example:
(fancyhdr)                \setlength{\headheight}{14.49998pt}.
(fancyhdr)                You might also make \topmargin smaller to compensate:

(fancyhdr)                \addtolength{\topmargin}{-2.49998pt}.

[5]
File: Figures/LNG/using in Ship.png Graphic file (type bmp)
<Figures/LNG/using in Ship.png>


Package fancyhdr Warning: \headheight is too small (12.0pt): 
(fancyhdr)                Make it at least 14.49998pt, for example:
(fancyhdr)                \setlength{\headheight}{14.49998pt}.
(fancyhdr)                You might also make \topmargin smaller to compensate:

(fancyhdr)                \addtolength{\topmargin}{-2.49998pt}.

[6]
LaTeX Font Info:    Font shape `TU/TimesNewRoman.ttf(0)/b/n' will be
(Font)              scaled to size 18.14404pt on input line 97.


Package fancyhdr Warning: \headheight is too small (12.0pt): 
(fancyhdr)                Make it at least 14.49998pt, for example:
(fancyhdr)                \setlength{\headheight}{14.49998pt}.
(fancyhdr)                You might also make \topmargin smaller to compensate:

(fancyhdr)                \addtolength{\topmargin}{-2.49998pt}.

[7]

Package fancyhdr Warning: \headheight is too small (12.0pt): 
(fancyhdr)                Make it at least 14.49998pt, for example:
(fancyhdr)                \setlength{\headheight}{14.49998pt}.
(fancyhdr)                You might also make \topmargin smaller to compensate:

(fancyhdr)                \addtolength{\topmargin}{-2.49998pt}.

[8]
LaTeX Font Info:    Font shape `TU/TimesNewRoman.ttf(0)/b/n' will be
(Font)              scaled to size 15.12003pt on input line 113.

Missing character: There is no  (U+00A0) in font [bnazanin.ttf]/OT:language=df
lt;script=arab;mapping=persian-tex-text;!

Overfull \hbox (2.09013pt too wide) in paragraph at lines 118--119
[][]\TU/bnazanin.ttf(0)/m/n/12  \TU/XNazanin.ttf(0)/m/it/12 \TU/bnazanin
.ttf(0)/m/n/12 :   []\TU/TimesNewRoman.ttf(0)/b/n/12 LNG[] \TU/bnazan
in.ttf(0)/m/n/12          []

 []


Package fancyhdr Warning: \headheight is too small (12.0pt): 
(fancyhdr)                Make it at least 14.49998pt, for example:
(fancyhdr)                \setlength{\headheight}{14.49998pt}.
(fancyhdr)                You might also make \topmargin smaller to compensate:

(fancyhdr)                \addtolength{\topmargin}{-2.49998pt}.

[9]
! Undefined control sequence.
<recently read> \pd 
                    
l.125 $\pd
          {s}{d}$
The control sequence at the end of the top line
of your error message was never \def'ed. If you have
misspelled it (e.g., `\hobx'), type `I' and the correct
spelling (e.g., `I\hbox'). Otherwise just continue,
and I'll forget about whatever was undefined.

File: Figures/LNG/conv.png Graphic file (type bmp)
<Figures/LNG/conv.png>

Overfull \hbox (128.03738pt too wide) in paragraph at lines 133--134
 [][][][][][] 
 []


LaTeX Warning: `!h' float specifier changed to `!ht'.

)

Package fancyhdr Warning: \headheight is too small (12.0pt): 
(fancyhdr)                Make it at least 14.49998pt, for example:
(fancyhdr)                \setlength{\headheight}{14.49998pt}.
(fancyhdr)                You might also make \topmargin smaller to compensate:

(fancyhdr)                \addtolength{\topmargin}{-2.49998pt}.

[10]

Package fancyhdr Warning: \headheight is too small (12.0pt): 
(fancyhdr)                Make it at least 14.49998pt, for example:
(fancyhdr)                \setlength{\headheight}{14.49998pt}.
(fancyhdr)                You might also make \topmargin smaller to compensate:

(fancyhdr)                \addtolength{\topmargin}{-2.49998pt}.

[11]
\openout2 = `chapter2.aux'.

 (./chapter2.tex
 2.
LaTeX Font Info:    Font shape `TU/BNaznnBd.ttf(0)/b/n' will be
(Font)              scaled to size 32.84999pt on input line 1.

Package fancyhdr Warning: \headheight is too small (12.0pt): 
(fancyhdr)                Make it at least 14.49998pt, for example:
(fancyhdr)                \setlength{\headheight}{14.49998pt}.
(fancyhdr)                You might also make \topmargin smaller to compensate:

(fancyhdr)                \addtolength{\topmargin}{-2.49998pt}.

[12




]

Package fancyhdr Warning: \headheight is too small (12.0pt): 
(fancyhdr)                Make it at least 14.49998pt, for example:
(fancyhdr)                \setlength{\headheight}{14.49998pt}.
(fancyhdr)                You might also make \topmargin smaller to compensate:

(fancyhdr)                \addtolength{\topmargin}{-2.49998pt}.

[13]
Overfull \hbox (8.68993pt too wide) in paragraph at lines 47--52
[][][]\TU/TimesNewRoman.ttf(0)/b/n/12 LPG[] \TU/bnazanin.ttf(0)/m/n/12  
     \TU/bnazanin.ttf(0)/b/n/12   \TU/bn
azanin.ttf(0)/m/n/12   []
 []


Package fancyhdr Warning: \headheight is too small (12.0pt): 
(fancyhdr)                Make it at least 14.49998pt, for example:
(fancyhdr)                \setlength{\headheight}{14.49998pt}.
(fancyhdr)                You might also make \topmargin smaller to compensate:

(fancyhdr)                \addtolength{\topmargin}{-2.49998pt}.

[14]
Underfull \hbox (badness 2644) in paragraph at lines 93--93
[][]|\TU/bnazanin.ttf(0)/m/n/12  []
 []


Package fancyhdr Warning: \headheight is too small (12.0pt): 
(fancyhdr)                Make it at least 14.49998pt, for example:
(fancyhdr)                \setlength{\headheight}{14.49998pt}.
(fancyhdr)                You might also make \topmargin smaller to compensate:

(fancyhdr)                \addtolength{\topmargin}{-2.49998pt}.

[15]

Package fancyhdr Warning: \headheight is too small (12.0pt): 
(fancyhdr)                Make it at least 14.49998pt, for example:
(fancyhdr)                \setlength{\headheight}{14.49998pt}.
(fancyhdr)                You might also make \topmargin smaller to compensate:

(fancyhdr)                \addtolength{\topmargin}{-2.49998pt}.

[16]

Package fancyhdr Warning: \headheight is too small (12.0pt): 
(fancyhdr)                Make it at least 14.49998pt, for example:
(fancyhdr)                \setlength{\headheight}{14.49998pt}.
(fancyhdr)                You might also make \topmargin smaller to compensate:

(fancyhdr)                \addtolength{\topmargin}{-2.49998pt}.

[17]

Package fancyhdr Warning: \headheight is too small (12.0pt): 
(fancyhdr)                Make it at least 14.49998pt, for example:
(fancyhdr)                \setlength{\headheight}{14.49998pt}.
(fancyhdr)                You might also make \topmargin smaller to compensate:

(fancyhdr)                \addtolength{\topmargin}{-2.49998pt}.

[18]

Package fancyhdr Warning: \headheight is too small (12.0pt): 
(fancyhdr)                Make it at least 14.49998pt, for example:
(fancyhdr)                \setlength{\headheight}{14.49998pt}.
(fancyhdr)                You might also make \topmargin smaller to compensate:

(fancyhdr)                \addtolength{\topmargin}{-2.49998pt}.

[19]

LaTeX Warning: Reference `Cycle Assessment' on page 20 undefined on input line 
246.

File: Figures/LPG/supply-chain.png Graphic file (type bmp)
<Figures/LPG/supply-chain.png>
File: Figures/LPG/future.png Graphic file (type bmp)
<Figures/LPG/future.png>

Package fancyhdr Warning: \headheight is too small (12.0pt): 
(fancyhdr)                Make it at least 14.49998pt, for example:
(fancyhdr)                \setlength{\headheight}{14.49998pt}.
(fancyhdr)                You might also make \topmargin smaller to compensate:

(fancyhdr)                \addtolength{\topmargin}{-2.49998pt}.

[20]
File: Figures/LPG/price.png Graphic file (type bmp)
<Figures/LPG/price.png>

Underfull \hbox (badness 10000) in paragraph at lines 277--307
[][]
 []


Underfull \hbox (badness 10000) in paragraph at lines 277--307
[][]
 []


LaTeX Warning: `!h' float specifier changed to `!ht'.


Package fancyhdr Warning: \headheight is too small (12.0pt): 
(fancyhdr)                Make it at least 14.49998pt, for example:
(fancyhdr)                \setlength{\headheight}{14.49998pt}.
(fancyhdr)                You might also make \topmargin smaller to compensate:

(fancyhdr)                \addtolength{\topmargin}{-2.49998pt}.

[21]
Missing character: There is no  (U+2013) in font [BNaznnBd.ttf]/OT:language=df
lt;script=arab;mapping=persian-tex-text;!
Missing character: There is no L (U+004C) in font [bnazanin.ttf]/OT:language=df
lt;script=arab;mapping=persian-tex-text;!
Missing character: There is no P (U+0050) in font [bnazanin.ttf]/OT:language=df
lt;script=arab;mapping=persian-tex-text;!
Missing character: There is no G (U+0047) in font [bnazanin.ttf]/OT:language=df
lt;script=arab;mapping=persian-tex-text;!
Missing character: There is no  (U+2013) in font [BNaznnBd.ttf]/OT:language=df
lt;script=arab;mapping=persian-tex-text;!
Missing character: There is no L (U+004C) in font [bnazanin.ttf]/OT:language=df
lt;script=arab;mapping=persian-tex-text;!
Missing character: There is no P (U+0050) in font [bnazanin.ttf]/OT:language=df
lt;script=arab;mapping=persian-tex-text;!
Missing character: There is no G (U+0047) in font [bnazanin.ttf]/OT:language=df
lt;script=arab;mapping=persian-tex-text;!
Missing character: There is no  (U+2013) in font [BNaznnBd.ttf]/OT:language=df
lt;script=arab;mapping=persian-tex-text;!
Missing character: There is no I (U+0049) in font [BNaznnBd.ttf]/OT:language=df
lt;script=arab;mapping=persian-tex-text;!
Missing character: There is no M (U+004D) in font [BNaznnBd.ttf]/OT:language=df
lt;script=arab;mapping=persian-tex-text;!
Missing character: There is no O (U+004F) in font [BNaznnBd.ttf]/OT:language=df
lt;script=arab;mapping=persian-tex-text;!

Package fancyhdr Warning: \headheight is too small (12.0pt): 
(fancyhdr)                Make it at least 14.49998pt, for example:
(fancyhdr)                \setlength{\headheight}{14.49998pt}.
(fancyhdr)                You might also make \topmargin smaller to compensate:

(fancyhdr)                \addtolength{\topmargin}{-2.49998pt}.

[22]
Missing character: There is no L (U+004C) in font [BNaznnBd.ttf]/OT:language=df
lt;script=arab;mapping=persian-tex-text;!
Missing character: There is no P (U+0050) in font [BNaznnBd.ttf]/OT:language=df
lt;script=arab;mapping=persian-tex-text;!
Missing character: There is no G (U+0047) in font [BNaznnBd.ttf]/OT:language=df
lt;script=arab;mapping=persian-tex-text;!
Missing character: There is no  (U+2013) in font [BNaznnBd.ttf]/OT:language=df
lt;script=arab;mapping=persian-tex-text;!
Missing character: There is no L (U+004C) in font [bnazanin.ttf]/OT:language=df
lt;script=arab;mapping=persian-tex-text;!
Missing character: There is no P (U+0050) in font [bnazanin.ttf]/OT:language=df
lt;script=arab;mapping=persian-tex-text;!
Missing character: There is no G (U+0047) in font [bnazanin.ttf]/OT:language=df
lt;script=arab;mapping=persian-tex-text;!
Missing character: There is no  (U+2013) in font [BNaznnBd.ttf]/OT:language=df
lt;script=arab;mapping=persian-tex-text;!
Missing character: There is no L (U+004C) in font [bnazanin.ttf]/OT:language=df
lt;script=arab;mapping=persian-tex-text;!
Missing character: There is no P (U+0050) in font [bnazanin.ttf]/OT:language=df
lt;script=arab;mapping=persian-tex-text;!
Missing character: There is no G (U+0047) in font [bnazanin.ttf]/OT:language=df
lt;script=arab;mapping=persian-tex-text;!
Missing character: There is no L (U+004C) in font [bnazanin.ttf]/OT:language=df
lt;script=arab;mapping=persian-tex-text;!
Missing character: There is no P (U+0050) in font [bnazanin.ttf]/OT:language=df
lt;script=arab;mapping=persian-tex-text;!
Missing character: There is no G (U+0047) in font [bnazanin.ttf]/OT:language=df
lt;script=arab;mapping=persian-tex-text;!
Missing character: There is no L (U+004C) in font [bnazanin.ttf]/OT:language=df
lt;script=arab;mapping=persian-tex-text;!
Missing character: There is no P (U+0050) in font [bnazanin.ttf]/OT:language=df
lt;script=arab;mapping=persian-tex-text;!
Missing character: There is no G (U+0047) in font [bnazanin.ttf]/OT:language=df
lt;script=arab;mapping=persian-tex-text;!
Missing character: There is no  (U+2013) in font [BNaznnBd.ttf]/OT:language=df
lt;script=arab;mapping=persian-tex-text;!
Missing character: There is no L (U+004C) in font [bnazanin.ttf]/OT:language=df
lt;script=arab;mapping=persian-tex-text;!
Missing character: There is no P (U+0050) in font [bnazanin.ttf]/OT:language=df
lt;script=arab;mapping=persian-tex-text;!
Missing character: There is no G (U+0047) in font [bnazanin.ttf]/OT:language=df
lt;script=arab;mapping=persian-tex-text;!
Missing character: There is no  (U+2013) in font [BNaznnBd.ttf]/OT:language=df
lt;script=arab;mapping=persian-tex-text;!
Missing character: There is no L (U+004C) in font [bnazanin.ttf]/OT:language=df
lt;script=arab;mapping=persian-tex-text;!
Missing character: There is no P (U+0050) in font [bnazanin.ttf]/OT:language=df
lt;script=arab;mapping=persian-tex-text;!
Missing character: There is no G (U+0047) in font [bnazanin.ttf]/OT:language=df
lt;script=arab;mapping=persian-tex-text;!
Missing character: There is no L (U+004C) in font [bnazanin.ttf]/OT:language=df
lt;script=arab;mapping=persian-tex-text;!
Missing character: There is no P (U+0050) in font [bnazanin.ttf]/OT:language=df
lt;script=arab;mapping=persian-tex-text;!
Missing character: There is no G (U+0047) in font [bnazanin.ttf]/OT:language=df
lt;script=arab;mapping=persian-tex-text;!

Overfull \hbox (8.48639pt too wide) in paragraph at lines 326--327
[][]\TU/bnazanin.ttf(0)/m/n/12    LPG  . 
     []
 []

Missing character: There is no  (U+2013) in font [BNaznnBd.ttf]/OT:language=df
lt;script=arab;mapping=persian-tex-text;!
Missing character: There is no L (U+004C) in font [bnazanin.ttf]/OT:language=df
lt;script=arab;mapping=persian-tex-text;!
Missing character: There is no P (U+0050) in font [bnazanin.ttf]/OT:language=df
lt;script=arab;mapping=persian-tex-text;!
Missing character: There is no G (U+0047) in font [bnazanin.ttf]/OT:language=df
lt;script=arab;mapping=persian-tex-text;!
Missing character: There is no b (U+0062) in font [BNaznnBd.ttf]/OT:language=df
lt;script=arab;mapping=persian-tex-text;!
Missing character: There is no u (U+0075) in font [BNaznnBd.ttf]/OT:language=df
lt;script=arab;mapping=persian-tex-text;!
Missing character: There is no n (U+006E) in font [BNaznnBd.ttf]/OT:language=df
lt;script=arab;mapping=persian-tex-text;!
Missing character: There is no k (U+006B) in font [BNaznnBd.ttf]/OT:language=df
lt;script=arab;mapping=persian-tex-text;!
Missing character: There is no e (U+0065) in font [BNaznnBd.ttf]/OT:language=df
lt;script=arab;mapping=persian-tex-text;!
Missing character: There is no r (U+0072) in font [BNaznnBd.ttf]/OT:language=df
lt;script=arab;mapping=persian-tex-text;!
Missing character: There is no i (U+0069) in font [BNaznnBd.ttf]/OT:language=df
lt;script=arab;mapping=persian-tex-text;!
Missing character: There is no n (U+006E) in font [BNaznnBd.ttf]/OT:language=df
lt;script=arab;mapping=persian-tex-text;!
Missing character: There is no g (U+0067) in font [BNaznnBd.ttf]/OT:language=df
lt;script=arab;mapping=persian-tex-text;!
Missing character: There is no I (U+0049) in font [bnazanin.ttf]/OT:language=df
lt;script=arab;mapping=persian-tex-text;!
Missing character: There is no M (U+004D) in font [bnazanin.ttf]/OT:language=df
lt;script=arab;mapping=persian-tex-text;!
Missing character: There is no O (U+004F) in font [bnazanin.ttf]/OT:language=df
lt;script=arab;mapping=persian-tex-text;!
Missing character: There is no  (U+2013) in font [BNaznnBd.ttf]/OT:language=df
lt;script=arab;mapping=persian-tex-text;!
Missing character: There is no L (U+004C) in font [bnazanin.ttf]/OT:language=df
lt;script=arab;mapping=persian-tex-text;!
Missing character: There is no P (U+0050) in font [bnazanin.ttf]/OT:language=df
lt;script=arab;mapping=persian-tex-text;!
Missing character: There is no G (U+0047) in font [bnazanin.ttf]/OT:language=df
lt;script=arab;mapping=persian-tex-text;!
Missing character: There is no L (U+004C) in font [BNaznnBd.ttf]/OT:language=df
lt;script=arab;mapping=persian-tex-text;!
Missing character: There is no P (U+0050) in font [BNaznnBd.ttf]/OT:language=df
lt;script=arab;mapping=persian-tex-text;!
Missing character: There is no G (U+0047) in font [BNaznnBd.ttf]/OT:language=df
lt;script=arab;mapping=persian-tex-text;!
Missing character: There is no  (U+2013) in font [BNaznnBd.ttf]/OT:language=df
lt;script=arab;mapping=persian-tex-text;!
Missing character: There is no L (U+004C) in font [bnazanin.ttf]/OT:language=df
lt;script=arab;mapping=persian-tex-text;!
Missing character: There is no P (U+0050) in font [bnazanin.ttf]/OT:language=df
lt;script=arab;mapping=persian-tex-text;!
Missing character: There is no G (U+0047) in font [bnazanin.ttf]/OT:language=df
lt;script=arab;mapping=persian-tex-text;!
)

Package fancyhdr Warning: \headheight is too small (12.0pt): 
(fancyhdr)                Make it at least 14.49998pt, for example:
(fancyhdr)                \setlength{\headheight}{14.49998pt}.
(fancyhdr)                You might also make \topmargin smaller to compensate:

(fancyhdr)                \addtolength{\topmargin}{-2.49998pt}.

[23]
\openout2 = `chapter3.aux'.

 (./chapter3.tex
 3.

Package fancyhdr Warning: \headheight is too small (12.0pt): 
(fancyhdr)                Make it at least 14.49998pt, for example:
(fancyhdr)                \setlength{\headheight}{14.49998pt}.
(fancyhdr)                You might also make \topmargin smaller to compensate:

(fancyhdr)                \addtolength{\topmargin}{-2.49998pt}.

[24




])
\openout2 = `chapter4.aux'.

 (./chapter4.tex
 4.

Package fancyhdr Warning: \headheight is too small (12.0pt): 
(fancyhdr)                Make it at least 14.49998pt, for example:
(fancyhdr)                \setlength{\headheight}{14.49998pt}.
(fancyhdr)                You might also make \topmargin smaller to compensate:

(fancyhdr)                \addtolength{\topmargin}{-2.49998pt}.

[25




])
\openout2 = `chapter5.aux'.

 (./chapter5.tex
 5.

Package fancyhdr Warning: \headheight is too small (12.0pt): 
(fancyhdr)                Make it at least 14.49998pt, for example:
(fancyhdr)                \setlength{\headheight}{14.49998pt}.
(fancyhdr)                You might also make \topmargin smaller to compensate:

(fancyhdr)                \addtolength{\topmargin}{-2.49998pt}.

[26




]
Missing character: There is no C (U+0043) in font [bnazanin.ttf]/OT:language=df
lt;script=arab;mapping=persian-tex-text;!
Missing character: There is no o (U+006F) in font [bnazanin.ttf]/OT:language=df
lt;script=arab;mapping=persian-tex-text;!
Missing character: There is no v (U+0076) in font [bnazanin.ttf]/OT:language=df
lt;script=arab;mapping=persian-tex-text;!
Missing character: There is no e (U+0065) in font [bnazanin.ttf]/OT:language=df
lt;script=arab;mapping=persian-tex-text;!
Missing character: There is no r (U+0072) in font [bnazanin.ttf]/OT:language=df
lt;script=arab;mapping=persian-tex-text;!
Missing character: There is no t (U+0074) in font [bnazanin.ttf]/OT:language=df
lt;script=arab;mapping=persian-tex-text;!
Missing character: There is no C (U+0043) in font [bnazanin.ttf]/OT:language=df
lt;script=arab;mapping=persian-tex-text;!
Missing character: There is no h (U+0068) in font [bnazanin.ttf]/OT:language=df
lt;script=arab;mapping=persian-tex-text;!
Missing character: There is no a (U+0061) in font [bnazanin.ttf]/OT:language=df
lt;script=arab;mapping=persian-tex-text;!
Missing character: There is no n (U+006E) in font [bnazanin.ttf]/OT:language=df
lt;script=arab;mapping=persian-tex-text;!
Missing character: There is no n (U+006E) in font [bnazanin.ttf]/OT:language=df
lt;script=arab;mapping=persian-tex-text;!
Missing character: There is no e (U+0065) in font [bnazanin.ttf]/OT:language=df
lt;script=arab;mapping=persian-tex-text;!
Missing character: There is no l (U+006C) in font [bnazanin.ttf]/OT:language=df
lt;script=arab;mapping=persian-tex-text;!
Missing character: There is no L (U+004C) in font [bnazanin.ttf]/OT:language=df
lt;script=arab;mapping=persian-tex-text;!
Missing character: There is no i (U+0069) in font [bnazanin.ttf]/OT:language=df
lt;script=arab;mapping=persian-tex-text;!
Missing character: There is no n (U+006E) in font [bnazanin.ttf]/OT:language=df
lt;script=arab;mapping=persian-tex-text;!
Missing character: There is no g (U+0067) in font [bnazanin.ttf]/OT:language=df
lt;script=arab;mapping=persian-tex-text;!
Missing character: There is no u (U+0075) in font [bnazanin.ttf]/OT:language=df
lt;script=arab;mapping=persian-tex-text;!
Missing character: There is no i (U+0069) in font [bnazanin.ttf]/OT:language=df
lt;script=arab;mapping=persian-tex-text;!
Missing character: There is no s (U+0073) in font [bnazanin.ttf]/OT:language=df
lt;script=arab;mapping=persian-tex-text;!
Missing character: There is no t (U+0074) in font [bnazanin.ttf]/OT:language=df
lt;script=arab;mapping=persian-tex-text;!
Missing character: There is no i (U+0069) in font [bnazanin.ttf]/OT:language=df
lt;script=arab;mapping=persian-tex-text;!
Missing character: There is no c (U+0063) in font [bnazanin.ttf]/OT:language=df
lt;script=arab;mapping=persian-tex-text;!
Missing character: There is no S (U+0053) in font [bnazanin.ttf]/OT:language=df
lt;script=arab;mapping=persian-tex-text;!
Missing character: There is no t (U+0074) in font [bnazanin.ttf]/OT:language=df
lt;script=arab;mapping=persian-tex-text;!
Missing character: There is no e (U+0065) in font [bnazanin.ttf]/OT:language=df
lt;script=arab;mapping=persian-tex-text;!
Missing character: There is no g (U+0067) in font [bnazanin.ttf]/OT:language=df
lt;script=arab;mapping=persian-tex-text;!
Missing character: There is no a (U+0061) in font [bnazanin.ttf]/OT:language=df
lt;script=arab;mapping=persian-tex-text;!
Missing character: There is no n (U+006E) in font [bnazanin.ttf]/OT:language=df
lt;script=arab;mapping=persian-tex-text;!
Missing character: There is no o (U+006F) in font [bnazanin.ttf]/OT:language=df
lt;script=arab;mapping=persian-tex-text;!
Missing character: There is no g (U+0067) in font [bnazanin.ttf]/OT:language=df
lt;script=arab;mapping=persian-tex-text;!
Missing character: There is no r (U+0072) in font [bnazanin.ttf]/OT:language=df
lt;script=arab;mapping=persian-tex-text;!
Missing character: There is no a (U+0061) in font [bnazanin.ttf]/OT:language=df
lt;script=arab;mapping=persian-tex-text;!
Missing character: There is no p (U+0070) in font [bnazanin.ttf]/OT:language=df
lt;script=arab;mapping=persian-tex-text;!
Missing character: There is no h (U+0068) in font [bnazanin.ttf]/OT:language=df
lt;script=arab;mapping=persian-tex-text;!
Missing character: There is no y (U+0079) in font [bnazanin.ttf]/OT:language=df
lt;script=arab;mapping=persian-tex-text;!
Missing character: There is no T (U+0054) in font [bnazanin.ttf]/OT:language=df
lt;script=arab;mapping=persian-tex-text;!
Missing character: There is no e (U+0065) in font [bnazanin.ttf]/OT:language=df
lt;script=arab;mapping=persian-tex-text;!
Missing character: There is no c (U+0063) in font [bnazanin.ttf]/OT:language=df
lt;script=arab;mapping=persian-tex-text;!
Missing character: There is no h (U+0068) in font [bnazanin.ttf]/OT:language=df
lt;script=arab;mapping=persian-tex-text;!
Missing character: There is no n (U+006E) in font [bnazanin.ttf]/OT:language=df
lt;script=arab;mapping=persian-tex-text;!
Missing character: There is no i (U+0069) in font [bnazanin.ttf]/OT:language=df
lt;script=arab;mapping=persian-tex-text;!
Missing character: There is no c (U+0063) in font [bnazanin.ttf]/OT:language=df
lt;script=arab;mapping=persian-tex-text;!
Missing character: There is no a (U+0061) in font [bnazanin.ttf]/OT:language=df
lt;script=arab;mapping=persian-tex-text;!
Missing character: There is no l (U+006C) in font [bnazanin.ttf]/OT:language=df
lt;script=arab;mapping=persian-tex-text;!
Missing character: There is no I (U+0049) in font [bnazanin.ttf]/OT:language=df
lt;script=arab;mapping=persian-tex-text;!
Missing character: There is no n (U+006E) in font [bnazanin.ttf]/OT:language=df
lt;script=arab;mapping=persian-tex-text;!
Missing character: There is no f (U+0066) in font [bnazanin.ttf]/OT:language=df
lt;script=arab;mapping=persian-tex-text;!
Missing character: There is no o (U+006F) in font [bnazanin.ttf]/OT:language=df
lt;script=arab;mapping=persian-tex-text;!
Missing character: There is no r (U+0072) in font [bnazanin.ttf]/OT:language=df
lt;script=arab;mapping=persian-tex-text;!
Missing character: There is no m (U+006D) in font [bnazanin.ttf]/OT:language=df
lt;script=arab;mapping=persian-tex-text;!
Missing character: There is no a (U+0061) in font [bnazanin.ttf]/OT:language=df
lt;script=arab;mapping=persian-tex-text;!
Missing character: There is no t (U+0074) in font [bnazanin.ttf]/OT:language=df
lt;script=arab;mapping=persian-tex-text;!
Missing character: There is no i (U+0069) in font [bnazanin.ttf]/OT:language=df
lt;script=arab;mapping=persian-tex-text;!
Missing character: There is no o (U+006F) in font [bnazanin.ttf]/OT:language=df
lt;script=arab;mapping=persian-tex-text;!
Missing character: There is no n (U+006E) in font [bnazanin.ttf]/OT:language=df
lt;script=arab;mapping=persian-tex-text;!
Missing character: There is no H (U+0048) in font [bnazanin.ttf]/OT:language=df
lt;script=arab;mapping=persian-tex-text;!
Missing character: There is no i (U+0069) in font [bnazanin.ttf]/OT:language=df
lt;script=arab;mapping=persian-tex-text;!
Missing character: There is no d (U+0064) in font [bnazanin.ttf]/OT:language=df
lt;script=arab;mapping=persian-tex-text;!
Missing character: There is no i (U+0069) in font [bnazanin.ttf]/OT:language=df
lt;script=arab;mapping=persian-tex-text;!
Missing character: There is no n (U+006E) in font [bnazanin.ttf]/OT:language=df
lt;script=arab;mapping=persian-tex-text;!
Missing character: There is no g (U+0067) in font [bnazanin.ttf]/OT:language=df
lt;script=arab;mapping=persian-tex-text;!
Missing character: There is no A (U+0041) in font [bnazanin.ttf]/OT:language=df
lt;script=arab;mapping=persian-tex-text;!
Missing character: There is no n (U+006E) in font [bnazanin.ttf]/OT:language=df
lt;script=arab;mapping=persian-tex-text;!
Missing character: There is no o (U+006F) in font [bnazanin.ttf]/OT:language=df
lt;script=arab;mapping=persian-tex-text;!
Missing character: There is no n (U+006E) in font [bnazanin.ttf]/OT:language=df
lt;script=arab;mapping=persian-tex-text;!
Missing character: There is no y (U+0079) in font [bnazanin.ttf]/OT:language=df
lt;script=arab;mapping=persian-tex-text;!
Missing character: There is no m (U+006D) in font [bnazanin.ttf]/OT:language=df
lt;script=arab;mapping=persian-tex-text;!
Missing character: There is no i (U+0069) in font [bnazanin.ttf]/OT:language=df
lt;script=arab;mapping=persian-tex-text;!
Missing character: There is no t (U+0074) in font [bnazanin.ttf]/OT:language=df
lt;script=arab;mapping=persian-tex-text;!
Missing character: There is no y (U+0079) in font [bnazanin.ttf]/OT:language=df
lt;script=arab;mapping=persian-tex-text;!
Missing character: There is no C (U+0043) in font [bnazanin.ttf]/OT:language=df
lt;script=arab;mapping=persian-tex-text;!
Missing character: There is no o (U+006F) in font [bnazanin.ttf]/OT:language=df
lt;script=arab;mapping=persian-tex-text;!
Missing character: There is no p (U+0070) in font [bnazanin.ttf]/OT:language=df
lt;script=arab;mapping=persian-tex-text;!
Missing character: There is no y (U+0079) in font [bnazanin.ttf]/OT:language=df
lt;script=arab;mapping=persian-tex-text;!
Missing character: There is no r (U+0072) in font [bnazanin.ttf]/OT:language=df
lt;script=arab;mapping=persian-tex-text;!
Missing character: There is no i (U+0069) in font [bnazanin.ttf]/OT:language=df
lt;script=arab;mapping=persian-tex-text;!
Missing character: There is no g (U+0067) in font [bnazanin.ttf]/OT:language=df
lt;script=arab;mapping=persian-tex-text;!
Missing character: There is no h (U+0068) in font [bnazanin.ttf]/OT:language=df
lt;script=arab;mapping=persian-tex-text;!
Missing character: There is no t (U+0074) in font [bnazanin.ttf]/OT:language=df
lt;script=arab;mapping=persian-tex-text;!
Missing character: There is no M (U+004D) in font [bnazanin.ttf]/OT:language=df
lt;script=arab;mapping=persian-tex-text;!
Missing character: There is no a (U+0061) in font [bnazanin.ttf]/OT:language=df
lt;script=arab;mapping=persian-tex-text;!
Missing character: There is no r (U+0072) in font [bnazanin.ttf]/OT:language=df
lt;script=arab;mapping=persian-tex-text;!
Missing character: There is no k (U+006B) in font [bnazanin.ttf]/OT:language=df
lt;script=arab;mapping=persian-tex-text;!
Missing character: There is no i (U+0069) in font [bnazanin.ttf]/OT:language=df
lt;script=arab;mapping=persian-tex-text;!
Missing character: There is no n (U+006E) in font [bnazanin.ttf]/OT:language=df
lt;script=arab;mapping=persian-tex-text;!
Missing character: There is no g (U+0067) in font [bnazanin.ttf]/OT:language=df
lt;script=arab;mapping=persian-tex-text;!
)

Package fancyhdr Warning: \headheight is too small (12.0pt): 
(fancyhdr)                Make it at least 14.49998pt, for example:
(fancyhdr)                \setlength{\headheight}{14.49998pt}.
(fancyhdr)                You might also make \topmargin smaller to compensate:

(fancyhdr)                \addtolength{\topmargin}{-2.49998pt}.

[27]
No file AUTthesis.bbl.
\openout2 = `appendix1.aux'.

(./appendix1.tex
LaTeX Font Info:    Font shape `TU/bnazanin.ttf(0)/m/n' will be
(Font)              scaled to size 29.85593pt on input line 1.
) [28




]
\openout2 = `dicfa2en.aux'.

 (./dicfa2en.tex
Missing character: There is no p (U+0070) in font [bnazanin.ttf]/OT:language=df
lt;script=arab;mapping=persian-tex-text;!
Missing character: There is no p (U+0070) in font [bnazanin.ttf]/OT:language=df
lt;script=arab;mapping=persian-tex-text;!
[29




])
\openout2 = `dicen2fa.aux'.

 (./dicen2fa.tex
Missing character: There is no p (U+0070) in font [bnazanin.ttf]/OT:language=df
lt;script=arab;mapping=persian-tex-text;!
Missing character: There is no p (U+0070) in font [bnazanin.ttf]/OT:language=df
lt;script=arab;mapping=persian-tex-text;!
) [30




]
No file AUTthesis.ind.
\openout2 = `en-abstract.aux'.

(./en-abstract.tex) (./en_title.tex
File: en-logo.png Graphic file (type bmp)
<en-logo.png>
LaTeX Font Info:    Font shape `TU/TimesNewRoman.ttf(0)/m/n' will be
(Font)              scaled to size 18.90005pt on input line 26.
LaTeX Font Info:    Font shape `TU/TimesNewRoman.ttf(0)/b/n' will be
(Font)              scaled to size 18.90005pt on input line 26.
LaTeX Font Info:    Font shape `TU/TimesNewRoman.ttf(0)/m/n' will be
(Font)              scaled to size 16.80005pt on input line 26.
LaTeX Font Info:    Font shape `TU/TimesNewRoman.ttf(0)/b/n' will be
(Font)              scaled to size 16.80005pt on input line 26.
 [31





]) (./AUTthesis.aux (./chapter1.aux)
(./chapter2.aux) (./chapter3.aux) (./chapter4.aux) (./chapter5.aux)
(./appendix1.aux) (./dicfa2en.aux) (./dicen2fa.aux) (./en-abstract.aux))
 ***********
LaTeX2e <2023-11-01> patch level 1
L3 programming layer <2024-02-20>
 ***********


LaTeX Font Warning: Some font shapes were not available, defaults substituted.


LaTeX Warning: There were undefined references.

Package rerunfilecheck Info: File `AUTthesis.out' has not changed.
(rerunfilecheck)             Checksum: 7947998F36D9F044FFA4FC2455E27E85;9667.
 ) 
Here is how much of TeX's memory you used:
 31709 strings out of 474772
 670491 string characters out of 5761267
 1933842 words of memory out of 5000000
 53106 multiletter control sequences out of 15000+600000
 566002 words of font info for 137 fonts, out of 8000000 for 9000
 1348 hyphenation exceptions out of 8191
 102i,13n,110p,2406b,699s stack positions out of 10000i,1000n,20000p,200000b,200000s

Output written on AUTthesis.pdf (43 pages).
