\BOOKMARK [0][-]{section*.1}{\376\377\006\101\006\107\006\061\006\063\006\052\000\040\006\052\006\065\006\047\006\110\006\314\006\061}{}% 1
\BOOKMARK [0][-]{section*.2}{\376\377\006\101\006\107\006\061\006\063\006\052\000\040\006\054\006\057\006\047\006\110\006\104}{}% 2
\BOOKMARK [0][-]{chapter.1}{\376\377\006\063\006\110\006\056\006\052\000\040\000L\000N\000G}{}% 3
\BOOKMARK [1][-]{section.1.1}{\376\377\006\251\006\104\006\314\006\047\006\052}{chapter.1}% 4
\BOOKMARK [1][-]{section.1.2}{\376\377\006\047\006\053\006\061\006\047\006\052\000\040\006\062\006\314\006\063\006\052\000\040\006\105\006\055\006\314\006\067\006\314\000\040\006\110\000\040\006\047\006\314\006\105\006\106\006\314}{chapter.1}% 5
\BOOKMARK [2][-]{subsection.1.2.1}{\376\377\006\052\006\043\006\053\006\314\006\061\006\047\006\052\000\040\006\105\006\053\006\050\006\052}{section.1.2}% 6
\BOOKMARK [2][-]{subsection.1.2.2}{\376\377\006\052\006\043\006\053\006\314\006\061\006\047\006\052\000\040\006\105\006\106\006\101\006\314}{section.1.2}% 7
\BOOKMARK [1][-]{section.1.3}{\376\377\006\052\006\251\006\106\006\110\006\104\006\110\006\230\006\314\000\040\006\052\006\110\006\104\006\314\006\057}{chapter.1}% 8
\BOOKMARK [2][-]{subsection.1.3.1}{\376\377\006\105\006\061\006\055\006\104\006\107\000\040\006\047\006\110\006\104\006\014\000\040\006\176\006\314\006\064\000\040\006\052\006\065\006\101\006\314\006\107\000\040\006\063\006\047\006\062\006\314}{section.1.3}% 9
\BOOKMARK [2][-]{subsection.1.3.2}{\376\377\006\105\006\061\006\055\006\104\006\107\000\040\006\055\006\060\006\101\000\040\006\107\006\314\006\057\006\061\006\110\006\251\006\061\006\050\006\106\000\040\006\107\006\047\006\314\000\040\006\063\006\106\006\257\006\314\006\106}{section.1.3}% 10
\BOOKMARK [2][-]{subsection.1.3.3}{\376\377\006\105\006\061\006\055\006\104\006\107\000\040\006\105\006\047\006\314\006\071\000\040\006\063\006\047\006\062\006\314}{section.1.3}% 11
\BOOKMARK [1][-]{section.1.4}{\376\377\006\052\006\251\006\106\006\110\006\104\006\110\006\230\006\314\000\040\006\047\006\063\006\052\006\101\006\047\006\057\006\107\000\040\006\057\006\061\000\040\006\251\006\064\006\052\006\314}{chapter.1}% 12
\BOOKMARK [2][-]{subsection.1.4.1}{\376\377\006\047\006\104\006\062\006\047\006\105\006\047\006\052\000\040\006\102\006\047\006\106\006\110\006\106\006\314}{section.1.4}% 13
\BOOKMARK [1][-]{section.1.5}{\376\377\006\050\006\061\006\061\006\063\006\314\000\040\006\047\006\102\006\052\006\065\006\047\006\057\006\314\000\040\000L\000N\000G}{chapter.1}% 14
\BOOKMARK [2][-]{subsection.1.5.1}{\376\377\006\102\006\314\006\105\006\052}{section.1.5}% 15
\BOOKMARK [2][-]{subsection.1.5.2}{\376\377\006\107\006\062\006\314\006\106\006\107\040\014\006\107\006\047\006\314\000\040\006\047\006\110\006\104\006\314\006\107}{section.1.5}% 16
\BOOKMARK [2][-]{subsection.1.5.3}{\376\377\006\107\006\062\006\314\006\106\006\107\040\014\006\107\006\047\006\314\000\040\006\053\006\047\006\106\006\110\006\314\006\107\000\040\000\050\006\071\006\105\006\104\006\314\006\047\006\052\006\314\000\051}{section.1.5}% 17
\BOOKMARK [2][-]{subsection.1.5.4}{\376\377\006\105\006\314\006\062\006\047\006\106\000\040\006\052\006\110\006\104\006\314\006\057\006\014\000\040\006\062\006\314\006\061\006\063\006\047\006\056\006\052\040\014\006\107\006\047\000\040\006\110\000\040\006\105\006\314\006\062\006\047\006\106\000\040\006\057\006\063\006\052\006\061\006\063\006\314}{section.1.5}% 18
\BOOKMARK [1][-]{section.1.6}{\376\377\006\110\006\066\006\071\006\314\006\052\000\040\006\047\006\314\006\061\006\047\006\106}{chapter.1}% 19
\BOOKMARK [2][-]{subsection.1.6.1}{\376\377\006\052\006\047\006\061\006\314\006\056\006\206\006\107\000\040\006\052\006\110\006\104\006\314\006\057\000\040\000L\000N\000G\000\040\006\057\006\061\000\040\006\047\006\314\006\061\006\047\006\106}{section.1.6}% 20
\BOOKMARK [2][-]{subsection.1.6.2}{\376\377\006\176\006\314\006\064\000\040\006\050\006\314\006\106\006\314\000\040\006\052\006\102\006\061\006\314\006\050\006\314\000\040\006\047\006\062\000\040\006\042\006\314\006\106\006\057\006\107}{section.1.6}% 21
\BOOKMARK [1][-]{section.1.7}{\376\377\006\106\006\052\006\314\006\054\006\107\040\014\006\257\006\314\006\061\006\314}{chapter.1}% 22
\BOOKMARK [0][-]{chapter.2}{\376\377\006\063\006\110\006\056\006\052\000\040\000L\000P\000G}{}% 23
\BOOKMARK [1][-]{section.2.1}{\376\377\006\251\006\104\006\314\006\047\006\052}{chapter.2}% 24
\BOOKMARK [1][-]{section.2.2}{\376\377\006\047\006\053\006\061\006\047\006\052\000\040\006\062\006\314\006\063\006\052\000\040\006\105\006\055\006\314\006\067\006\314}{chapter.2}% 25
\BOOKMARK [1][-]{section.2.3}{\376\377\006\052\006\251\006\106\006\110\006\104\006\110\006\230\006\314\040\014\006\107\006\047\006\314\000\040\006\105\006\061\006\052\006\050\006\067\000\040\006\050\006\047\000\040\000L\000P\000G}{chapter.2}% 26
\BOOKMARK [2][-]{subsection.2.3.1}{\376\377\006\052\006\251\006\106\006\110\006\104\006\110\006\230\006\314\000\040\006\052\006\110\006\104\006\314\006\057}{section.2.3}% 27
\BOOKMARK [2][-]{subsection.2.3.2}{\376\377\006\052\006\251\006\106\006\110\006\104\006\110\006\230\006\314\000\040\006\047\006\063\006\052\006\101\006\047\006\057\006\107\000\040\006\057\006\061\000\040\006\251\006\064\006\052\006\314}{section.2.3}% 28
\BOOKMARK [2][-]{subsection.2.3.3}{\376\377\006\047\006\314\006\105\006\106\006\314\000\040\006\110\000\040\006\047\006\104\006\062\006\047\006\105\006\047\006\052\000\040\006\101\006\106\006\314\000\040}{section.2.3}% 29
\BOOKMARK [3][-]{subsubsection.2.3.3.1}{\376\377\006\063\006\106\006\257\006\314\006\106\006\314\000\040\006\106\006\063\006\050\006\052\000\040\006\050\006\107\000\040\006\107\006\110\006\047}{subsection.2.3.3}% 30
\BOOKMARK [3][-]{subsubsection.2.3.3.2}{\376\377\006\105\006\056\006\104\006\110\006\067\000\040\006\102\006\047\006\050\006\104\000\040\006\047\006\064\006\052\006\071\006\047\006\104\000\040\006\050\006\047\000\040\006\107\006\110\006\047}{subsection.2.3.3}% 31
\BOOKMARK [3][-]{subsubsection.2.3.3.3}{\376\377\006\052\006\043\006\053\006\314\006\061\006\047\006\052\000\040\006\047\006\063\006\052\006\106\006\064\006\047\006\102\000\040\006\057\006\061\000\040\006\072\006\104\006\070\006\052\040\014\006\107\006\047\006\314\000\040\006\050\006\047\006\104\006\047}{subsection.2.3.3}% 32
\BOOKMARK [3][-]{subsubsection.2.3.3.4}{\376\377\006\063\006\110\006\056\006\052\006\257\006\314\040\014\006\107\006\047\006\314\000\040\006\106\006\047\006\064\006\314\000\040\006\047\006\062\000\040\006\105\006\047\006\314\006\071}{subsection.2.3.3}% 33
\BOOKMARK [3][-]{subsubsection.2.3.3.5}{\376\377\006\047\006\055\006\052\006\061\006\047\006\102\000\040\006\105\006\056\006\104\006\110\006\067\000\040\006\050\006\056\006\047\006\061\000/\006\107\006\110\006\047\000\040\006\057\006\061\000\040\006\047\006\053\006\061\000\040\006\106\006\064\006\052}{subsection.2.3.3}% 34
\BOOKMARK [3][-]{subsubsection.2.3.3.6}{\376\377\006\056\006\067\006\061\006\047\006\052\000\040\006\105\006\056\006\047\006\062\006\106\000\040\006\056\006\047\006\104\006\314}{subsection.2.3.3}% 35
\BOOKMARK [2][-]{subsection.2.3.4}{\376\377\006\063\006\314\006\063\006\052\006\105\040\014\006\107\006\047\006\314\000\040\006\060\006\056\006\314\006\061\006\107\040\014\006\063\006\047\006\062\006\314\000\040\006\110\000\040\006\105\006\057\006\314\006\061\006\314\006\052\000\040\000L\000P\000G\000\040\006\057\006\061\000\040\006\251\006\064\006\052\006\314\040\014\006\107\006\047}{section.2.3}% 36
\BOOKMARK [2][-]{subsection.2.3.5}{\376\377\006\047\006\314\006\105\006\106\006\314\000\040\006\110\000\040\006\047\006\104\006\062\006\047\006\105\006\047\006\052\000\040\006\101\006\106\006\314\000\040\006\105\006\061\006\052\006\050\006\067\000\040\006\050\006\047\000\040\006\055\006\105\006\104\000\040}{section.2.3}% 37
\BOOKMARK [3][-]{subsubsection.2.3.5.1}{\376\377\006\105\006\061\006\055\006\104\006\107\000\040\006\102\006\050\006\104\000\040\006\047\006\062\000\040\006\063\006\110\006\056\006\052\040\014\006\257\006\314\006\061\006\314\000\040}{subsection.2.3.5}% 38
\BOOKMARK [2][-]{subsection.2.3.6}{\376\377\006\105\006\061\006\055\006\104\006\107\000\040\006\063\006\110\006\056\006\052\040\014\006\257\006\314\006\061\006\314}{section.2.3}% 39
\BOOKMARK [2][-]{subsection.2.3.7}{\376\377\006\176\006\063\040\014\006\047\006\062\000\040\006\063\006\110\006\056\006\052\040\014\006\257\006\314\006\061\006\314}{section.2.3}% 40
\BOOKMARK [1][-]{section.2.4}{\376\377\006\047\006\104\006\062\006\047\006\105\006\047\006\052\000\040\006\102\006\047\006\106\006\110\006\106\006\314}{chapter.2}% 41
\BOOKMARK [2][-]{subsection.2.4.1}{\376\377\006\251\006\057\000\040\000I\000G\000C}{section.2.4}% 42
\BOOKMARK [2][-]{subsection.2.4.2}{\376\377\006\251\006\057\000\040\000I\000G\000F}{section.2.4}% 43
\BOOKMARK [2][-]{subsection.2.4.3}{\376\377\006\047\006\063\006\052\006\047\006\106\006\057\006\047\006\061\006\057\000\040\000M\000S\000C\000.\0001\000/\000C\000i\000r\000c\000.\0001\0006\0006\0006}{section.2.4}% 44
\BOOKMARK [2][-]{subsection.2.4.4}{\376\377\006\047\006\063\006\052\006\047\006\106\006\057\006\047\006\061\006\057\000\040\000M\000S\000C\000.\0001\000/\000C\000i\000r\000c\000.\0001\0006\0007\0009}{section.2.4}% 45
\BOOKMARK [1][-]{section.2.5}{\376\377\006\047\006\102\006\052\006\065\006\047\006\057\000\040\006\110\000\040\006\050\006\047\006\062\006\047\006\061\000\040\000L\000P\000G}{chapter.2}% 46
\BOOKMARK [2][-]{subsection.2.5.1}{\376\377\006\206\006\061\006\056\006\107\000\040\006\071\006\105\006\061}{section.2.5}% 47
\BOOKMARK [2][-]{subsection.2.5.2}{\376\377\006\052\006\054\006\047\006\061\006\052\000\040\006\054\006\107\006\047\006\106\006\314}{section.2.5}% 48
\BOOKMARK [2][-]{subsection.2.5.3}{\376\377\006\102\006\314\006\105\006\052\000\040\006\063\006\110\006\056\006\052}{section.2.5}% 49
\BOOKMARK [2][-]{subsection.2.5.4}{\376\377\006\052\006\043\006\105\006\314\006\106\000\040\006\110\000\040\006\106\006\257\006\107\006\057\006\047\006\061\006\314}{section.2.5}% 50
\BOOKMARK [1][-]{section.2.6}{\376\377\006\106\006\052\006\314\006\054\006\107\040\014\006\257\006\314\006\061\006\314}{chapter.2}% 51
\BOOKMARK [0][-]{chapter.3}{\376\377\006\105\006\102\006\061\006\061\006\047\006\052\000\040\006\110\000\040\006\047\006\063\006\052\006\047\006\106\006\057\006\047\006\061\006\057\006\107\006\047}{}% 52
\BOOKMARK [0][-]{chapter.4}{\376\377\006\101\006\065\006\104\000\040\006\206\006\107\006\047\006\061\006\105}{}% 53
\BOOKMARK [0][-]{chapter.5}{\376\377\006\176\006\314\006\064\006\314\006\106\006\107\000\040\006\052\006\055\006\102\006\314\006\102}{}% 54
\BOOKMARK [0][-]{appendix*.3}{\376\377\006\251\006\052\006\047\006\050\040\014\006\106\006\047\006\105\006\107}{}% 55
\BOOKMARK [0][-]{appendix*.4}{\376\377\006\176\006\314\006\110\006\063\006\052}{}% 56
\BOOKMARK [0][-]{appendix*.6}{\376\377\006\110\006\047\006\230\006\107\040\014\006\106\006\047\006\105\006\107\040\014\006\314\000\040\006\101\006\047\006\061\006\063\006\314\000\040\006\050\006\107\000\040\006\047\006\106\006\257\006\104\006\314\006\063\006\314}{}% 57
\BOOKMARK [0][-]{appendix*.7}{\376\377\006\110\006\047\006\230\006\107\040\014\006\106\006\047\006\105\006\107\040\014\006\314\000\040\006\047\006\106\006\257\006\104\006\314\006\063\006\314\000\040\006\050\006\107\000\040\006\101\006\047\006\061\006\063\006\314}{}% 58
